<!DOCTYPE html>

<html>
  <head>
  <meta charset='utf-8'>
  <title>TestNG reports</title>

    <link type="text/css" href="testng-reports.css" rel="stylesheet" />
    <script type="text/javascript" src="jquery-1.7.1.min.js"></script>
    <script type="text/javascript" src="testng-reports.js"></script>
    <script type="text/javascript" src="https://www.google.com/jsapi"></script>
    <script type='text/javascript'>
      google.load('visualization', '1', {packages:['table']});
      google.setOnLoadCallback(drawTable);
      var suiteTableInitFunctions = new Array();
      var suiteTableData = new Array();
    </script>
    <!--
      <script type="text/javascript" src="jquery-ui/js/jquery-ui-1.8.16.custom.min.js"></script>
     -->
  </head>

  <body>
    <div class="top-banner-root">
      <span class="top-banner-title-font">Test results</span>
      <br/>
      <span class="top-banner-font-1">1 suite, 15 failed tests</span>
    </div> <!-- top-banner-root -->
    <div class="navigator-root">
      <div class="navigator-suite-header">
        <span>All suites</span>
        <a href="#" class="collapse-all-link" title="Collapse/expand all the suites">
          <img class="collapse-all-icon" src="collapseall.gif">
          </img> <!-- collapse-all-icon -->
        </a> <!-- collapse-all-link -->
      </div> <!-- navigator-suite-header -->
      <div class="suite">
        <div class="rounded-window">
          <div class="suite-header light-rounded-window-top">
            <a href="#" class="navigator-link" panel-name="suite-Emaua_Test_Automation_Test_Suite">
              <span class="suite-name border-failed">Emaua Test Automation Test Suite</span>
            </a> <!-- navigator-link -->
          </div> <!-- suite-header light-rounded-window-top -->
          <div class="navigator-suite-content">
            <div class="suite-section-title">
              <span>Info</span>
            </div> <!-- suite-section-title -->
            <div class="suite-section-content">
              <ul>
                <li>
                  <a href="#" class="navigator-link " panel-name="test-xml-Emaua_Test_Automation_Test_Suite">
                    <span>C:\Users\Gokhan\git\emaua-Test-Automation\emaua\src\main\resources\testng.xml</span>
                  </a> <!-- navigator-link  -->
                </li>
                <li>
                  <a href="#" class="navigator-link " panel-name="testlist-Emaua_Test_Automation_Test_Suite">
                    <span class="test-stats">1 test</span>
                  </a> <!-- navigator-link  -->
                </li>
                <li>
                  <a href="#" class="navigator-link " panel-name="group-Emaua_Test_Automation_Test_Suite">
                    <span>0 groups</span>
                  </a> <!-- navigator-link  -->
                </li>
                <li>
                  <a href="#" class="navigator-link " panel-name="times-Emaua_Test_Automation_Test_Suite">
                    <span>Times</span>
                  </a> <!-- navigator-link  -->
                </li>
                <li>
                  <a href="#" class="navigator-link " panel-name="reporter-Emaua_Test_Automation_Test_Suite">
                    <span>Reporter output</span>
                  </a> <!-- navigator-link  -->
                </li>
                <li>
                  <a href="#" class="navigator-link " panel-name="ignored-methods-Emaua_Test_Automation_Test_Suite">
                    <span>Ignored methods</span>
                  </a> <!-- navigator-link  -->
                </li>
                <li>
                  <a href="#" class="navigator-link " panel-name="chronological-Emaua_Test_Automation_Test_Suite">
                    <span>Chronological view</span>
                  </a> <!-- navigator-link  -->
                </li>
              </ul>
            </div> <!-- suite-section-content -->
            <div class="result-section">
              <div class="suite-section-title">
                <span>Results</span>
              </div> <!-- suite-section-title -->
              <div class="suite-section-content">
                <ul>
                  <li>
                    <span class="method-stats">54 methods, 15 failed,  13 skipped,  26 passed</span>
                  </li>
                  <li>
                    <span class="method-list-title failed">Failed methods</span>
                    <span class="show-or-hide-methods failed">
                      <a href="#" panel-name="suite-Emaua_Test_Automation_Test_Suite" class="hide-methods failed suite-Emaua_Test_Automation_Test_Suite"> (hide)</a> <!-- hide-methods failed suite-Emaua_Test_Automation_Test_Suite -->
                      <a href="#" panel-name="suite-Emaua_Test_Automation_Test_Suite" class="show-methods failed suite-Emaua_Test_Automation_Test_Suite"> (show)</a> <!-- show-methods failed suite-Emaua_Test_Automation_Test_Suite -->
                    </span>
                    <div class="method-list-content failed suite-Emaua_Test_Automation_Test_Suite">
                      <span>
                        <img width="3%" src="failed.png"/>
                        <a href="#" class="method navigator-link" panel-name="suite-Emaua_Test_Automation_Test_Suite" title="com.emaua.testcases.ContactUsPageTest" hash-for-method="contactUsPageTitleTest">contactUsPageTitleTest</a> <!-- method navigator-link -->
                      </span>
                      <br/>
                      <span>
                        <img width="3%" src="failed.png"/>
                        <a href="#" class="method navigator-link" panel-name="suite-Emaua_Test_Automation_Test_Suite" title="com.emaua.testcases.CoursesPageTest" hash-for-method="verifyAboutUsPageHeaderTest">verifyAboutUsPageHeaderTest</a> <!-- method navigator-link -->
                      </span>
                      <br/>
                      <span>
                        <img width="3%" src="failed.png"/>
                        <a href="#" class="method navigator-link" panel-name="suite-Emaua_Test_Automation_Test_Suite" title="com.emaua.testcases.TeachersPageTest" hash-for-method="verifyAddTeacher">verifyAddTeacher</a> <!-- method navigator-link -->
                      </span>
                      <br/>
                      <span>
                        <img width="3%" src="failed.png"/>
                        <a href="#" class="method navigator-link" panel-name="suite-Emaua_Test_Automation_Test_Suite" title="com.emaua.testcases.TeachersPageTest" hash-for-method="verifyAddTeacherModalTitle">verifyAddTeacherModalTitle</a> <!-- method navigator-link -->
                      </span>
                      <br/>
                      <span>
                        <img width="3%" src="failed.png"/>
                        <a href="#" class="method navigator-link" panel-name="suite-Emaua_Test_Automation_Test_Suite" title="com.emaua.testcases.CoursesPageTest" hash-for-method="verifyBreadCrumb">verifyBreadCrumb</a> <!-- method navigator-link -->
                      </span>
                      <br/>
                      <span>
                        <img width="3%" src="failed.png"/>
                        <a href="#" class="method navigator-link" panel-name="suite-Emaua_Test_Automation_Test_Suite" title="com.emaua.testcases.ContactUsPageTest" hash-for-method="verifyBreadCrumb">verifyBreadCrumb</a> <!-- method navigator-link -->
                      </span>
                      <br/>
                      <span>
                        <img width="3%" src="failed.png"/>
                        <a href="#" class="method navigator-link" panel-name="suite-Emaua_Test_Automation_Test_Suite" title="com.emaua.testcases.TeachersPageTest" hash-for-method="verifyBreadCrumb">verifyBreadCrumb</a> <!-- method navigator-link -->
                      </span>
                      <br/>
                      <span>
                        <img width="3%" src="failed.png"/>
                        <a href="#" class="method navigator-link" panel-name="suite-Emaua_Test_Automation_Test_Suite" title="com.emaua.testcases.TeachersPageTest" hash-for-method="verifyBrokenLinks">verifyBrokenLinks</a> <!-- method navigator-link -->
                      </span>
                      <br/>
                      <span>
                        <img width="3%" src="failed.png"/>
                        <a href="#" class="method navigator-link" panel-name="suite-Emaua_Test_Automation_Test_Suite" title="com.emaua.testcases.InstitutionsPageTest" hash-for-method="verifyBrokenLinks">verifyBrokenLinks</a> <!-- method navigator-link -->
                      </span>
                      <br/>
                      <span>
                        <img width="3%" src="failed.png"/>
                        <a href="#" class="method navigator-link" panel-name="suite-Emaua_Test_Automation_Test_Suite" title="com.emaua.testcases.AboutPageTest" hash-for-method="verifyBrokenLinks">verifyBrokenLinks</a> <!-- method navigator-link -->
                      </span>
                      <br/>
                      <span>
                        <img width="3%" src="failed.png"/>
                        <a href="#" class="method navigator-link" panel-name="suite-Emaua_Test_Automation_Test_Suite" title="com.emaua.testcases.ContactUsPageTest" hash-for-method="verifyContactUsPageHeaderTest">verifyContactUsPageHeaderTest</a> <!-- method navigator-link -->
                      </span>
                      <br/>
                      <span>
                        <img width="3%" src="failed.png"/>
                        <a href="#" class="method navigator-link" panel-name="suite-Emaua_Test_Automation_Test_Suite" title="com.emaua.testcases.InstitutionsPageTest" hash-for-method="verifyInstitutionDetailsPopUpPageCheckCoursesButton">verifyInstitutionDetailsPopUpPageCheckCoursesButton</a> <!-- method navigator-link -->
                      </span>
                      <br/>
                      <span>
                        <img width="3%" src="failed.png"/>
                        <a href="#" class="method navigator-link" panel-name="suite-Emaua_Test_Automation_Test_Suite" title="com.emaua.testcases.InstitutionsPageTest" hash-for-method="verifyInstitutionDetailsPopUpPageDisplayed">verifyInstitutionDetailsPopUpPageDisplayed</a> <!-- method navigator-link -->
                      </span>
                      <br/>
                      <span>
                        <img width="3%" src="failed.png"/>
                        <a href="#" class="method navigator-link" panel-name="suite-Emaua_Test_Automation_Test_Suite" title="com.emaua.testcases.InstitutionsPageTest" hash-for-method="verifyWarningMessages(name, description data provider, , Institution image is required.)">verifyWarningMessages(name, description data provider, , Institution image is required.)</a> <!-- method navigator-link -->
                      </span>
                      <br/>
                      <span>
                        <img width="3%" src="failed.png"/>
                        <a href="#" class="method navigator-link" panel-name="suite-Emaua_Test_Automation_Test_Suite" title="com.emaua.testcases.InstitutionsPageTest" hash-for-method="verifyWarningMessages(name, , C:\BusinessCard.GIF, Institution description is required.)">verifyWarningMessages(name, , C:\BusinessCard.GIF, Institution description is required.)</a> <!-- method navigator-link -->
                      </span>
                      <br/>
                    </div> <!-- method-list-content failed suite-Emaua_Test_Automation_Test_Suite -->
                  </li>
                  <li>
                    <span class="method-list-title skipped">Skipped methods</span>
                    <span class="show-or-hide-methods skipped">
                      <a href="#" panel-name="suite-Emaua_Test_Automation_Test_Suite" class="hide-methods skipped suite-Emaua_Test_Automation_Test_Suite"> (hide)</a> <!-- hide-methods skipped suite-Emaua_Test_Automation_Test_Suite -->
                      <a href="#" panel-name="suite-Emaua_Test_Automation_Test_Suite" class="show-methods skipped suite-Emaua_Test_Automation_Test_Suite"> (show)</a> <!-- show-methods skipped suite-Emaua_Test_Automation_Test_Suite -->
                    </span>
                    <div class="method-list-content skipped suite-Emaua_Test_Automation_Test_Suite">
                      <span>
                        <img width="3%" src="skipped.png"/>
                        <a href="#" class="method navigator-link" panel-name="suite-Emaua_Test_Automation_Test_Suite" title="com.emaua.testcases.TeachersPageTest" hash-for-method="verifyAddTeacher">verifyAddTeacher</a> <!-- method navigator-link -->
                      </span>
                      <br/>
                      <span>
                        <img width="3%" src="skipped.png"/>
                        <a href="#" class="method navigator-link" panel-name="suite-Emaua_Test_Automation_Test_Suite" title="com.emaua.testcases.TeachersPageTest" hash-for-method="verifyAddTeacherButtonTest">verifyAddTeacherButtonTest</a> <!-- method navigator-link -->
                      </span>
                      <br/>
                      <span>
                        <img width="3%" src="skipped.png"/>
                        <a href="#" class="method navigator-link" panel-name="suite-Emaua_Test_Automation_Test_Suite" title="com.emaua.testcases.TeachersPageTest" hash-for-method="verifyDeleteInstitutionTest">verifyDeleteInstitutionTest</a> <!-- method navigator-link -->
                      </span>
                      <br/>
                      <span>
                        <img width="3%" src="skipped.png"/>
                        <a href="#" class="method navigator-link" panel-name="suite-Emaua_Test_Automation_Test_Suite" title="com.emaua.testcases.TeachersPageTest" hash-for-method="verifyEditInstitutionTest">verifyEditInstitutionTest</a> <!-- method navigator-link -->
                      </span>
                      <br/>
                      <span>
                        <img width="3%" src="skipped.png"/>
                        <a href="#" class="method navigator-link" panel-name="suite-Emaua_Test_Automation_Test_Suite" title="com.emaua.testcases.TeachersPageTest" hash-for-method="verifyInstitutionDetailsPopUpPageCheckCoursesButton">verifyInstitutionDetailsPopUpPageCheckCoursesButton</a> <!-- method navigator-link -->
                      </span>
                      <br/>
                      <span>
                        <img width="3%" src="skipped.png"/>
                        <a href="#" class="method navigator-link" panel-name="suite-Emaua_Test_Automation_Test_Suite" title="com.emaua.testcases.TeachersPageTest" hash-for-method="verifyInstitutionDetailsPopUpPageDisplayed">verifyInstitutionDetailsPopUpPageDisplayed</a> <!-- method navigator-link -->
                      </span>
                      <br/>
                      <span>
                        <img width="3%" src="skipped.png"/>
                        <a href="#" class="method navigator-link" panel-name="suite-Emaua_Test_Automation_Test_Suite" title="com.emaua.testcases.TeachersPageTest" hash-for-method="verifyMandatoryNameField">verifyMandatoryNameField</a> <!-- method navigator-link -->
                      </span>
                      <br/>
                      <span>
                        <img width="3%" src="skipped.png"/>
                        <a href="#" class="method navigator-link" panel-name="suite-Emaua_Test_Automation_Test_Suite" title="com.emaua.testcases.TeachersPageTest" hash-for-method="verifyPagination">verifyPagination</a> <!-- method navigator-link -->
                      </span>
                      <br/>
                      <span>
                        <img width="3%" src="skipped.png"/>
                        <a href="#" class="method navigator-link" panel-name="suite-Emaua_Test_Automation_Test_Suite" title="com.emaua.testcases.TeachersPageTest" hash-for-method="verifySaveButtonDisabled">verifySaveButtonDisabled</a> <!-- method navigator-link -->
                      </span>
                      <br/>
                      <span>
                        <img width="3%" src="skipped.png"/>
                        <a href="#" class="method navigator-link" panel-name="suite-Emaua_Test_Automation_Test_Suite" title="com.emaua.testcases.TeachersPageTest" hash-for-method="verifyTeachersPageHeading">verifyTeachersPageHeading</a> <!-- method navigator-link -->
                      </span>
                      <br/>
                      <span>
                        <img width="3%" src="skipped.png"/>
                        <a href="#" class="method navigator-link" panel-name="suite-Emaua_Test_Automation_Test_Suite" title="com.emaua.testcases.InstitutionsPageTest" hash-for-method="verifyWarningMessages">verifyWarningMessages</a> <!-- method navigator-link -->
                      </span>
                      <br/>
                      <span>
                        <img width="3%" src="skipped.png"/>
                        <a href="#" class="method navigator-link" panel-name="suite-Emaua_Test_Automation_Test_Suite" title="com.emaua.testcases.InstitutionsPageTest" hash-for-method="verifyWarningMessages">verifyWarningMessages</a> <!-- method navigator-link -->
                      </span>
                      <br/>
                      <span>
                        <img width="3%" src="skipped.png"/>
                        <a href="#" class="method navigator-link" panel-name="suite-Emaua_Test_Automation_Test_Suite" title="com.emaua.testcases.InstitutionsPageTest" hash-for-method="verifyWarningMessages">verifyWarningMessages</a> <!-- method navigator-link -->
                      </span>
                      <br/>
                    </div> <!-- method-list-content skipped suite-Emaua_Test_Automation_Test_Suite -->
                  </li>
                  <li>
                    <span class="method-list-title passed">Passed methods</span>
                    <span class="show-or-hide-methods passed">
                      <a href="#" panel-name="suite-Emaua_Test_Automation_Test_Suite" class="hide-methods passed suite-Emaua_Test_Automation_Test_Suite"> (hide)</a> <!-- hide-methods passed suite-Emaua_Test_Automation_Test_Suite -->
                      <a href="#" panel-name="suite-Emaua_Test_Automation_Test_Suite" class="show-methods passed suite-Emaua_Test_Automation_Test_Suite"> (show)</a> <!-- show-methods passed suite-Emaua_Test_Automation_Test_Suite -->
                    </span>
                    <div class="method-list-content passed suite-Emaua_Test_Automation_Test_Suite">
                      <span>
                        <img width="3%" src="passed.png"/>
                        <a href="#" class="method navigator-link" panel-name="suite-Emaua_Test_Automation_Test_Suite" title="com.emaua.testcases.AboutPageTest" hash-for-method="aboutPageTitleTest">aboutPageTitleTest</a> <!-- method navigator-link -->
                      </span>
                      <br/>
                      <span>
                        <img width="3%" src="passed.png"/>
                        <a href="#" class="method navigator-link" panel-name="suite-Emaua_Test_Automation_Test_Suite" title="com.emaua.testcases.ContactUsPageTest" hash-for-method="emauaLogoTest">emauaLogoTest</a> <!-- method navigator-link -->
                      </span>
                      <br/>
                      <span>
                        <img width="3%" src="passed.png"/>
                        <a href="#" class="method navigator-link" panel-name="suite-Emaua_Test_Automation_Test_Suite" title="com.emaua.testcases.AboutPageTest" hash-for-method="emauaLogoTest">emauaLogoTest</a> <!-- method navigator-link -->
                      </span>
                      <br/>
                      <span>
                        <img width="3%" src="passed.png"/>
                        <a href="#" class="method navigator-link" panel-name="suite-Emaua_Test_Automation_Test_Suite" title="com.emaua.testcases.LoginPageTest" hash-for-method="loginTest">loginTest</a> <!-- method navigator-link -->
                      </span>
                      <br/>
                      <span>
                        <img width="3%" src="passed.png"/>
                        <a href="#" class="method navigator-link" panel-name="suite-Emaua_Test_Automation_Test_Suite" title="com.emaua.testcases.AboutPageTest" hash-for-method="verifyAboutUsPageHeaderTest">verifyAboutUsPageHeaderTest</a> <!-- method navigator-link -->
                      </span>
                      <br/>
                      <span>
                        <img width="3%" src="passed.png"/>
                        <a href="#" class="method navigator-link" panel-name="suite-Emaua_Test_Automation_Test_Suite" title="com.emaua.testcases.InstitutionsPageTest" hash-for-method="verifyAddInstitution(name, description data provider, C:\BusinessCard.GIF, test)">verifyAddInstitution(name, description data provider, C:\BusinessCard.GIF, test)</a> <!-- method navigator-link -->
                      </span>
                      <br/>
                      <span>
                        <img width="3%" src="passed.png"/>
                        <a href="#" class="method navigator-link" panel-name="suite-Emaua_Test_Automation_Test_Suite" title="com.emaua.testcases.InstitutionsPageTest" hash-for-method="verifyAddInstitutionModalTitle">verifyAddInstitutionModalTitle</a> <!-- method navigator-link -->
                      </span>
                      <br/>
                      <span>
                        <img width="3%" src="passed.png"/>
                        <a href="#" class="method navigator-link" panel-name="suite-Emaua_Test_Automation_Test_Suite" title="com.emaua.testcases.InstitutionsPageTest" hash-for-method="verifyBreadCrumb">verifyBreadCrumb</a> <!-- method navigator-link -->
                      </span>
                      <br/>
                      <span>
                        <img width="3%" src="passed.png"/>
                        <a href="#" class="method navigator-link" panel-name="suite-Emaua_Test_Automation_Test_Suite" title="com.emaua.testcases.AboutPageTest" hash-for-method="verifyBreadCrumb">verifyBreadCrumb</a> <!-- method navigator-link -->
                      </span>
                      <br/>
                      <span>
                        <img width="3%" src="passed.png"/>
                        <a href="#" class="method navigator-link" panel-name="suite-Emaua_Test_Automation_Test_Suite" title="com.emaua.testcases.CoursesPageTest" hash-for-method="verifyBrokenLinks">verifyBrokenLinks</a> <!-- method navigator-link -->
                      </span>
                      <br/>
                      <span>
                        <img width="3%" src="passed.png"/>
                        <a href="#" class="method navigator-link" panel-name="suite-Emaua_Test_Automation_Test_Suite" title="com.emaua.testcases.ContactUsPageTest" hash-for-method="verifyBrokenLinks">verifyBrokenLinks</a> <!-- method navigator-link -->
                      </span>
                      <br/>
                      <span>
                        <img width="3%" src="passed.png"/>
                        <a href="#" class="method navigator-link" panel-name="suite-Emaua_Test_Automation_Test_Suite" title="com.emaua.testcases.InstitutionsPageTest" hash-for-method="verifyCancelDeleteInstitutionTest">verifyCancelDeleteInstitutionTest</a> <!-- method navigator-link -->
                      </span>
                      <br/>
                      <span>
                        <img width="3%" src="passed.png"/>
                        <a href="#" class="method navigator-link" panel-name="suite-Emaua_Test_Automation_Test_Suite" title="com.emaua.testcases.TeachersPageTest" hash-for-method="verifyCancelDeleteInstitutionTest">verifyCancelDeleteInstitutionTest</a> <!-- method navigator-link -->
                      </span>
                      <br/>
                      <span>
                        <img width="3%" src="passed.png"/>
                        <a href="#" class="method navigator-link" panel-name="suite-Emaua_Test_Automation_Test_Suite" title="com.emaua.testcases.InstitutionsPageTest" hash-for-method="verifyDeleteInstitutionTest">verifyDeleteInstitutionTest</a> <!-- method navigator-link -->
                      </span>
                      <br/>
                      <span>
                        <img width="3%" src="passed.png"/>
                        <a href="#" class="method navigator-link" panel-name="suite-Emaua_Test_Automation_Test_Suite" title="com.emaua.testcases.InstitutionsPageTest" hash-for-method="verifyEditInstitutionTest">verifyEditInstitutionTest</a> <!-- method navigator-link -->
                      </span>
                      <br/>
                      <span>
                        <img width="3%" src="passed.png"/>
                        <a href="#" class="method navigator-link" panel-name="suite-Emaua_Test_Automation_Test_Suite" title="com.emaua.testcases.InstitutionsPageTest" hash-for-method="verifyInstitutionsPageHeaderTest">verifyInstitutionsPageHeaderTest</a> <!-- method navigator-link -->
                      </span>
                      <br/>
                      <span>
                        <img width="3%" src="passed.png"/>
                        <a href="#" class="method navigator-link" panel-name="suite-Emaua_Test_Automation_Test_Suite" title="com.emaua.testcases.HomePageTest" hash-for-method="verifyInstitutionsPageLink">verifyInstitutionsPageLink</a> <!-- method navigator-link -->
                      </span>
                      <br/>
                      <span>
                        <img width="3%" src="passed.png"/>
                        <a href="#" class="method navigator-link" panel-name="suite-Emaua_Test_Automation_Test_Suite" title="com.emaua.testcases.InstitutionsPageTest" hash-for-method="verifyInstitutionsPageTitleTest">verifyInstitutionsPageTitleTest</a> <!-- method navigator-link -->
                      </span>
                      <br/>
                      <span>
                        <img width="3%" src="passed.png"/>
                        <a href="#" class="method navigator-link" panel-name="suite-Emaua_Test_Automation_Test_Suite" title="com.emaua.testcases.HomePageTest" hash-for-method="verifyLoginPageLink">verifyLoginPageLink</a> <!-- method navigator-link -->
                      </span>
                      <br/>
                      <span>
                        <img width="3%" src="passed.png"/>
                        <a href="#" class="method navigator-link" panel-name="suite-Emaua_Test_Automation_Test_Suite" title="com.emaua.testcases.InstitutionsPageTest" hash-for-method="verifyMandatoryNameField">verifyMandatoryNameField</a> <!-- method navigator-link -->
                      </span>
                      <br/>
                      <span>
                        <img width="3%" src="passed.png"/>
                        <a href="#" class="method navigator-link" panel-name="suite-Emaua_Test_Automation_Test_Suite" title="com.emaua.testcases.InstitutionsPageTest" hash-for-method="verifyPagination">verifyPagination</a> <!-- method navigator-link -->
                      </span>
                      <br/>
                      <span>
                        <img width="3%" src="passed.png"/>
                        <a href="#" class="method navigator-link" panel-name="suite-Emaua_Test_Automation_Test_Suite" title="com.emaua.testcases.InstitutionsPageTest" hash-for-method="verifySaveButtonDisabled">verifySaveButtonDisabled</a> <!-- method navigator-link -->
                      </span>
                      <br/>
                      <span>
                        <img width="3%" src="passed.png"/>
                        <a href="#" class="method navigator-link" panel-name="suite-Emaua_Test_Automation_Test_Suite" title="com.emaua.testcases.HomePageTest" hash-for-method="verifyTeachersPageLink">verifyTeachersPageLink</a> <!-- method navigator-link -->
                      </span>
                      <br/>
                      <span>
                        <img width="3%" src="passed.png"/>
                        <a href="#" class="method navigator-link" panel-name="suite-Emaua_Test_Automation_Test_Suite" title="com.emaua.testcases.InstitutionsPageTest" hash-for-method="verifyWarningMessages(, description data provider, C:\BusinessCard.GIF, Institution name is required.)">verifyWarningMessages(, description data provider, C:\BusinessCard.GIF, Institution name is required.)</a> <!-- method navigator-link -->
                      </span>
                      <br/>
                      <span>
                        <img width="3%" src="passed.png"/>
                        <a href="#" class="method navigator-link" panel-name="suite-Emaua_Test_Automation_Test_Suite" title="com.emaua.testcases.InstitutionsPageTest" hash-for-method="verifyWarningMessages(k, description data provider, C:\BusinessCard.GIF, Institution name is too short.)">verifyWarningMessages(k, description data provider, C:\BusinessCard.GIF, Institution name is too short.)</a> <!-- method navigator-link -->
                      </span>
                      <br/>
                      <span>
                        <img width="3%" src="passed.png"/>
                        <a href="#" class="method navigator-link" panel-name="suite-Emaua_Test_Automation_Test_Suite" title="com.emaua.testcases.InstitutionsPageTest" hash-for-method="verifyWarningMessages(aaaaaaaaaaaaaaaaaaaaaaaaaaaaaaaaaaaaaaaaaaaaaaaaaaaaaaaaaaaaaaaaaaaaaaaaaaaaaaaaaaaaaaaaaaaaaaaaaaaa...)">verifyWarningMessages(aaaaaaaaaaaaaaaaaaaaaaaaaaaaaaaaaaaaaaaaaaaaaaaaaaaaaaaaaaaaaaaaaaaaaaaaaaaaaaaaaaaaaaaaaaaaaaaaaaaa...)</a> <!-- method navigator-link -->
                      </span>
                      <br/>
                    </div> <!-- method-list-content passed suite-Emaua_Test_Automation_Test_Suite -->
                  </li>
                </ul>
              </div> <!-- suite-section-content -->
            </div> <!-- result-section -->
          </div> <!-- navigator-suite-content -->
        </div> <!-- rounded-window -->
      </div> <!-- suite -->
    </div> <!-- navigator-root -->
    <div class="wrapper">
      <div class="main-panel-root">
        <div panel-name="suite-Emaua_Test_Automation_Test_Suite" class="panel Emaua_Test_Automation_Test_Suite">
          <div class="suite-Emaua_Test_Automation_Test_Suite-class-failed">
            <div class="main-panel-header rounded-window-top">
              <img src="failed.png"/>
              <span class="class-name">com.emaua.testcases.ContactUsPageTest</span>
            </div> <!-- main-panel-header rounded-window-top -->
            <div class="main-panel-content rounded-window-bottom">
              <div class="method">
                <div class="method-content">
                  <a name="contactUsPageTitleTest">
                  </a> <!-- contactUsPageTitleTest -->
                  <span class="method-name">contactUsPageTitleTest</span>
                  <div class="stack-trace">java.lang.AssertionError: Contact Us page title does not match expected [Contact Us :: Emaua] but found [Home :: Emaua]
	at com.emaua.testcases.ContactUsPageTest.contactUsPageTitleTest(ContactUsPageTest.java:35)
... Removed 30 stack frames
</div> <!-- stack-trace -->
                </div> <!-- method-content -->
              </div> <!-- method -->
              <div class="method">
                <div class="method-content">
                  <a name="verifyBreadCrumb">
                  </a> <!-- verifyBreadCrumb -->
                  <span class="method-name">verifyBreadCrumb</span>
                  <div class="stack-trace">java.lang.AssertionError: BreadCrumb does not match expected [Home/Contact Us] but found []
	at com.emaua.testcases.ContactUsPageTest.verifyBreadCrumb(ContactUsPageTest.java:58)
... Removed 30 stack frames
</div> <!-- stack-trace -->
                </div> <!-- method-content -->
              </div> <!-- method -->
              <div class="method">
                <div class="method-content">
                  <a name="verifyContactUsPageHeaderTest">
                  </a> <!-- verifyContactUsPageHeaderTest -->
                  <span class="method-name">verifyContactUsPageHeaderTest</span>
                  <div class="stack-trace">org.openqa.selenium.NoSuchElementException: no such element: Unable to locate element: {&quot;method&quot;:&quot;xpath&quot;,&quot;selector&quot;:&quot;//p[@class=&apos;category-title&apos;]&quot;}
  (Session info: chrome=66.0.3359.139)
  (Driver info: chromedriver=2.38.551601 (edb21f07fc70e9027c746edd3201443e011a61ed),platform=Windows NT 6.1.7601 SP1 x86_64) (WARNING: The server did not provide any stacktrace information)
Command duration or timeout: 0 milliseconds
For documentation on this error, please visit: http://seleniumhq.org/exceptions/no_such_element.html
Build info: version: &apos;3.11.0&apos;, revision: &apos;e59cfb3&apos;, time: &apos;2018-03-11T20:33:08.638Z&apos;
System info: host: &apos;LENOVO-GOKHAN&apos;, ip: &apos;192.168.0.100&apos;, os.name: &apos;Windows 7&apos;, os.arch: &apos;amd64&apos;, os.version: &apos;6.1&apos;, java.version: &apos;1.8.0_151&apos;
Driver info: org.openqa.selenium.chrome.ChromeDriver
Capabilities {acceptInsecureCerts: false, acceptSslCerts: false, applicationCacheEnabled: false, browserConnectionEnabled: false, browserName: chrome, chrome: {chromedriverVersion: 2.38.551601 (edb21f07fc70e9..., userDataDir: C:\Users\Gokhan\AppData\Loc...}, cssSelectorsEnabled: true, databaseEnabled: false, handlesAlerts: true, hasTouchScreen: false, javascriptEnabled: true, locationContextEnabled: true, mobileEmulationEnabled: false, nativeEvents: true, networkConnectionEnabled: false, pageLoadStrategy: normal, platform: XP, platformName: XP, rotatable: false, setWindowRect: true, takesHeapSnapshot: true, takesScreenshot: true, unexpectedAlertBehaviour: , unhandledPromptBehavior: , version: 66.0.3359.139, webStorageEnabled: true}
Session ID: 4649fb7c5987d8998817006b0d5d4647
*** Element info: {Using=xpath, value=//p[@class=&apos;category-title&apos;]}
	at org.openqa.selenium.remote.ErrorHandler.createThrowable(ErrorHandler.java:214)
	at org.openqa.selenium.remote.ErrorHandler.throwIfResponseFailed(ErrorHandler.java:166)
	at org.openqa.selenium.remote.http.JsonHttpResponseCodec.reconstructValue(JsonHttpResponseCodec.java:40)
	at org.openqa.selenium.remote.http.AbstractHttpResponseCodec.decode(AbstractHttpResponseCodec.java:80)
	at org.openqa.selenium.remote.http.AbstractHttpResponseCodec.decode(AbstractHttpResponseCodec.java:44)
	at org.openqa.selenium.remote.HttpCommandExecutor.execute(HttpCommandExecutor.java:158)
	at org.openqa.selenium.remote.service.DriverCommandExecutor.execute(DriverCommandExecutor.java:83)
	at org.openqa.selenium.remote.RemoteWebDriver.execute(RemoteWebDriver.java:545)
	at org.openqa.selenium.remote.RemoteWebDriver.findElement(RemoteWebDriver.java:319)
	at org.openqa.selenium.remote.RemoteWebDriver.findElementByXPath(RemoteWebDriver.java:421)
	at org.openqa.selenium.By$ByXPath.findElement(By.java:361)
	at org.openqa.selenium.remote.RemoteWebDriver.findElement(RemoteWebDriver.java:311)
	at org.openqa.selenium.support.events.EventFiringWebDriver.lambda$new$1(EventFiringWebDriver.java:103)
	at com.sun.proxy.$Proxy8.findElement(Unknown Source)
	at org.openqa.selenium.support.events.EventFiringWebDriver.findElement(EventFiringWebDriver.java:186)
	at org.openqa.selenium.support.pagefactory.DefaultElementLocator.findElement(DefaultElementLocator.java:69)
	at org.openqa.selenium.support.pagefactory.internal.LocatingElementHandler.invoke(LocatingElementHandler.java:38)
	at com.sun.proxy.$Proxy12.getText(Unknown Source)
	at com.emaua.pages.ContactUsPage.verifyContactUsPageHeading(ContactUsPage.java:103)
	at com.emaua.testcases.ContactUsPageTest.verifyContactUsPageHeaderTest(ContactUsPageTest.java:46)
... Removed 32 stack frames
</div> <!-- stack-trace -->
                </div> <!-- method-content -->
              </div> <!-- method -->
            </div> <!-- main-panel-content rounded-window-bottom -->
          </div> <!-- suite-Emaua_Test_Automation_Test_Suite-class-failed -->
          <div class="suite-Emaua_Test_Automation_Test_Suite-class-failed">
            <div class="main-panel-header rounded-window-top">
              <img src="failed.png"/>
              <span class="class-name">com.emaua.testcases.AboutPageTest</span>
            </div> <!-- main-panel-header rounded-window-top -->
            <div class="main-panel-content rounded-window-bottom">
              <div class="method">
                <div class="method-content">
                  <a name="verifyBrokenLinks">
                  </a> <!-- verifyBrokenLinks -->
                  <span class="method-name">verifyBrokenLinks</span>
                  <div class="stack-trace">java.lang.ClassCastException: sun.net.www.protocol.mailto.MailToURLConnection cannot be cast to java.net.HttpURLConnection
	at com.emaua.pages.AboutPage.verifyBrokenLinks(AboutPage.java:112)
	at com.emaua.testcases.AboutPageTest.verifyBrokenLinks(AboutPageTest.java:55)
... Removed 25 stack frames
</div> <!-- stack-trace -->
                </div> <!-- method-content -->
              </div> <!-- method -->
            </div> <!-- main-panel-content rounded-window-bottom -->
          </div> <!-- suite-Emaua_Test_Automation_Test_Suite-class-failed -->
          <div class="suite-Emaua_Test_Automation_Test_Suite-class-failed">
            <div class="main-panel-header rounded-window-top">
              <img src="failed.png"/>
              <span class="class-name">com.emaua.testcases.TeachersPageTest</span>
            </div> <!-- main-panel-header rounded-window-top -->
            <div class="main-panel-content rounded-window-bottom">
              <div class="method">
                <div class="method-content">
                  <a name="verifyAddTeacher">
                  </a> <!-- verifyAddTeacher -->
                  <span class="method-name">verifyAddTeacher</span>
                  <div class="stack-trace">org.openqa.selenium.NoSuchElementException: no such element: Unable to locate element: {&quot;method&quot;:&quot;xpath&quot;,&quot;selector&quot;:&quot;//a[contains(text(),&apos;Log In&apos;)]&quot;}
  (Session info: chrome=66.0.3359.139)
  (Driver info: chromedriver=2.38.551601 (edb21f07fc70e9027c746edd3201443e011a61ed),platform=Windows NT 6.1.7601 SP1 x86_64) (WARNING: The server did not provide any stacktrace information)
Command duration or timeout: 0 milliseconds
For documentation on this error, please visit: http://seleniumhq.org/exceptions/no_such_element.html
Build info: version: &apos;3.11.0&apos;, revision: &apos;e59cfb3&apos;, time: &apos;2018-03-11T20:33:08.638Z&apos;
System info: host: &apos;LENOVO-GOKHAN&apos;, ip: &apos;192.168.0.100&apos;, os.name: &apos;Windows 7&apos;, os.arch: &apos;amd64&apos;, os.version: &apos;6.1&apos;, java.version: &apos;1.8.0_151&apos;
Driver info: org.openqa.selenium.chrome.ChromeDriver
Capabilities {acceptInsecureCerts: false, acceptSslCerts: false, applicationCacheEnabled: false, browserConnectionEnabled: false, browserName: chrome, chrome: {chromedriverVersion: 2.38.551601 (edb21f07fc70e9..., userDataDir: C:\Users\Gokhan\AppData\Loc...}, cssSelectorsEnabled: true, databaseEnabled: false, handlesAlerts: true, hasTouchScreen: false, javascriptEnabled: true, locationContextEnabled: true, mobileEmulationEnabled: false, nativeEvents: true, networkConnectionEnabled: false, pageLoadStrategy: normal, platform: XP, platformName: XP, rotatable: false, setWindowRect: true, takesHeapSnapshot: true, takesScreenshot: true, unexpectedAlertBehaviour: , unhandledPromptBehavior: , version: 66.0.3359.139, webStorageEnabled: true}
Session ID: 84318eec673442642f03322d9a06eab6
*** Element info: {Using=xpath, value=//a[contains(text(),&apos;Log In&apos;)]}
	at org.openqa.selenium.remote.ErrorHandler.createThrowable(ErrorHandler.java:214)
	at org.openqa.selenium.remote.ErrorHandler.throwIfResponseFailed(ErrorHandler.java:166)
	at org.openqa.selenium.remote.http.JsonHttpResponseCodec.reconstructValue(JsonHttpResponseCodec.java:40)
	at org.openqa.selenium.remote.http.AbstractHttpResponseCodec.decode(AbstractHttpResponseCodec.java:80)
	at org.openqa.selenium.remote.http.AbstractHttpResponseCodec.decode(AbstractHttpResponseCodec.java:44)
	at org.openqa.selenium.remote.HttpCommandExecutor.execute(HttpCommandExecutor.java:158)
	at org.openqa.selenium.remote.service.DriverCommandExecutor.execute(DriverCommandExecutor.java:83)
	at org.openqa.selenium.remote.RemoteWebDriver.execute(RemoteWebDriver.java:545)
	at org.openqa.selenium.remote.RemoteWebDriver.findElement(RemoteWebDriver.java:319)
	at org.openqa.selenium.remote.RemoteWebDriver.findElementByXPath(RemoteWebDriver.java:421)
	at org.openqa.selenium.By$ByXPath.findElement(By.java:361)
	at org.openqa.selenium.remote.RemoteWebDriver.findElement(RemoteWebDriver.java:311)
	at org.openqa.selenium.support.events.EventFiringWebDriver.lambda$new$1(EventFiringWebDriver.java:103)
	at com.sun.proxy.$Proxy8.findElement(Unknown Source)
	at org.openqa.selenium.support.events.EventFiringWebDriver.findElement(EventFiringWebDriver.java:186)
	at org.openqa.selenium.support.pagefactory.DefaultElementLocator.findElement(DefaultElementLocator.java:69)
	at org.openqa.selenium.support.pagefactory.internal.LocatingElementHandler.invoke(LocatingElementHandler.java:38)
	at com.sun.proxy.$Proxy12.click(Unknown Source)
	at com.emaua.pages.TeachersPage.clickOnLoginPage(TeachersPage.java:155)
	at com.emaua.testcases.TeachersPageTest.verifyAddTeacher(TeachersPageTest.java:198)
... Removed 32 stack frames
</div> <!-- stack-trace -->
                </div> <!-- method-content -->
              </div> <!-- method -->
              <div class="method">
                <div class="method-content">
                  <a name="verifyAddTeacherModalTitle">
                  </a> <!-- verifyAddTeacherModalTitle -->
                  <span class="method-name">verifyAddTeacherModalTitle</span>
                  <div class="stack-trace">org.openqa.selenium.NoSuchElementException: no such element: Unable to locate element: {&quot;method&quot;:&quot;xpath&quot;,&quot;selector&quot;:&quot;//a[contains(text(),&apos;Add Teacher&apos;)]&quot;}
  (Session info: chrome=66.0.3359.139)
  (Driver info: chromedriver=2.38.551601 (edb21f07fc70e9027c746edd3201443e011a61ed),platform=Windows NT 6.1.7601 SP1 x86_64) (WARNING: The server did not provide any stacktrace information)
Command duration or timeout: 0 milliseconds
For documentation on this error, please visit: http://seleniumhq.org/exceptions/no_such_element.html
Build info: version: &apos;3.11.0&apos;, revision: &apos;e59cfb3&apos;, time: &apos;2018-03-11T20:33:08.638Z&apos;
System info: host: &apos;LENOVO-GOKHAN&apos;, ip: &apos;192.168.0.100&apos;, os.name: &apos;Windows 7&apos;, os.arch: &apos;amd64&apos;, os.version: &apos;6.1&apos;, java.version: &apos;1.8.0_151&apos;
Driver info: org.openqa.selenium.chrome.ChromeDriver
Capabilities {acceptInsecureCerts: false, acceptSslCerts: false, applicationCacheEnabled: false, browserConnectionEnabled: false, browserName: chrome, chrome: {chromedriverVersion: 2.38.551601 (edb21f07fc70e9..., userDataDir: C:\Users\Gokhan\AppData\Loc...}, cssSelectorsEnabled: true, databaseEnabled: false, handlesAlerts: true, hasTouchScreen: false, javascriptEnabled: true, locationContextEnabled: true, mobileEmulationEnabled: false, nativeEvents: true, networkConnectionEnabled: false, pageLoadStrategy: normal, platform: XP, platformName: XP, rotatable: false, setWindowRect: true, takesHeapSnapshot: true, takesScreenshot: true, unexpectedAlertBehaviour: , unhandledPromptBehavior: , version: 66.0.3359.139, webStorageEnabled: true}
Session ID: 160e30b51fb4ce2374541231698421d6
*** Element info: {Using=xpath, value=//a[contains(text(),&apos;Add Teacher&apos;)]}
	at org.openqa.selenium.remote.ErrorHandler.createThrowable(ErrorHandler.java:214)
	at org.openqa.selenium.remote.ErrorHandler.throwIfResponseFailed(ErrorHandler.java:166)
	at org.openqa.selenium.remote.http.JsonHttpResponseCodec.reconstructValue(JsonHttpResponseCodec.java:40)
	at org.openqa.selenium.remote.http.AbstractHttpResponseCodec.decode(AbstractHttpResponseCodec.java:80)
	at org.openqa.selenium.remote.http.AbstractHttpResponseCodec.decode(AbstractHttpResponseCodec.java:44)
	at org.openqa.selenium.remote.HttpCommandExecutor.execute(HttpCommandExecutor.java:158)
	at org.openqa.selenium.remote.service.DriverCommandExecutor.execute(DriverCommandExecutor.java:83)
	at org.openqa.selenium.remote.RemoteWebDriver.execute(RemoteWebDriver.java:545)
	at org.openqa.selenium.remote.RemoteWebDriver.findElement(RemoteWebDriver.java:319)
	at org.openqa.selenium.remote.RemoteWebDriver.findElementByXPath(RemoteWebDriver.java:421)
	at org.openqa.selenium.By$ByXPath.findElement(By.java:361)
	at org.openqa.selenium.remote.RemoteWebDriver.findElement(RemoteWebDriver.java:311)
	at org.openqa.selenium.support.events.EventFiringWebDriver.lambda$new$1(EventFiringWebDriver.java:103)
	at com.sun.proxy.$Proxy8.findElement(Unknown Source)
	at org.openqa.selenium.support.events.EventFiringWebDriver.findElement(EventFiringWebDriver.java:186)
	at org.openqa.selenium.support.pagefactory.DefaultElementLocator.findElement(DefaultElementLocator.java:69)
	at org.openqa.selenium.support.pagefactory.internal.LocatingElementHandler.invoke(LocatingElementHandler.java:38)
	at com.sun.proxy.$Proxy12.click(Unknown Source)
	at com.emaua.pages.TeachersPage.clickAddTeacherButton(TeachersPage.java:160)
	at com.emaua.testcases.TeachersPageTest.verifyAddTeacherModalTitle(TeachersPageTest.java:84)
... Removed 32 stack frames
</div> <!-- stack-trace -->
                </div> <!-- method-content -->
              </div> <!-- method -->
              <div class="method">
                <div class="method-content">
                  <a name="verifyBreadCrumb">
                  </a> <!-- verifyBreadCrumb -->
                  <span class="method-name">verifyBreadCrumb</span>
                  <div class="stack-trace">java.lang.AssertionError: BreadCrumb does not match expected [Home/Institutions] but found [Home/Teachers]
	at com.emaua.testcases.TeachersPageTest.verifyBreadCrumb(TeachersPageTest.java:185)
... Removed 30 stack frames
</div> <!-- stack-trace -->
                </div> <!-- method-content -->
              </div> <!-- method -->
              <div class="method">
                <div class="method-content">
                  <a name="verifyBrokenLinks">
                  </a> <!-- verifyBrokenLinks -->
                  <span class="method-name">verifyBrokenLinks</span>
                  <div class="stack-trace">java.net.MalformedURLException: no protocol: 
	at java.net.URL.&lt;init&gt;(URL.java:593)
	at java.net.URL.&lt;init&gt;(URL.java:490)
	at java.net.URL.&lt;init&gt;(URL.java:439)
	at com.emaua.pages.TeachersPage.verifyBrokenLinks(TeachersPage.java:343)
	at com.emaua.testcases.TeachersPageTest.verifyBrokenLinks(TeachersPageTest.java:179)
... Removed 25 stack frames
</div> <!-- stack-trace -->
                </div> <!-- method-content -->
              </div> <!-- method -->
            </div> <!-- main-panel-content rounded-window-bottom -->
          </div> <!-- suite-Emaua_Test_Automation_Test_Suite-class-failed -->
          <div class="suite-Emaua_Test_Automation_Test_Suite-class-failed">
            <div class="main-panel-header rounded-window-top">
              <img src="failed.png"/>
              <span class="class-name">com.emaua.testcases.InstitutionsPageTest</span>
            </div> <!-- main-panel-header rounded-window-top -->
            <div class="main-panel-content rounded-window-bottom">
              <div class="method">
                <div class="method-content">
                  <a name="verifyBrokenLinks">
                  </a> <!-- verifyBrokenLinks -->
                  <span class="method-name">verifyBrokenLinks</span>
                  <div class="stack-trace">java.net.MalformedURLException: no protocol: 
	at java.net.URL.&lt;init&gt;(URL.java:593)
	at java.net.URL.&lt;init&gt;(URL.java:490)
	at java.net.URL.&lt;init&gt;(URL.java:439)
	at com.emaua.pages.InstitutionsPage.verifyBrokenLinks(InstitutionsPage.java:284)
	at com.emaua.testcases.InstitutionsPageTest.verifyBrokenLinks(InstitutionsPageTest.java:170)
... Removed 25 stack frames
</div> <!-- stack-trace -->
                </div> <!-- method-content -->
              </div> <!-- method -->
              <div class="method">
                <div class="method-content">
                  <a name="verifyInstitutionDetailsPopUpPageCheckCoursesButton">
                  </a> <!-- verifyInstitutionDetailsPopUpPageCheckCoursesButton -->
                  <span class="method-name">verifyInstitutionDetailsPopUpPageCheckCoursesButton</span>
                  <div class="stack-trace">org.openqa.selenium.ElementNotVisibleException: element not visible
  (Session info: chrome=66.0.3359.139)
  (Driver info: chromedriver=2.38.551601 (edb21f07fc70e9027c746edd3201443e011a61ed),platform=Windows NT 6.1.7601 SP1 x86_64) (WARNING: The server did not provide any stacktrace information)
Command duration or timeout: 0 milliseconds
Build info: version: &apos;3.11.0&apos;, revision: &apos;e59cfb3&apos;, time: &apos;2018-03-11T20:33:08.638Z&apos;
System info: host: &apos;LENOVO-GOKHAN&apos;, ip: &apos;192.168.0.100&apos;, os.name: &apos;Windows 7&apos;, os.arch: &apos;amd64&apos;, os.version: &apos;6.1&apos;, java.version: &apos;1.8.0_151&apos;
Driver info: org.openqa.selenium.chrome.ChromeDriver
Capabilities {acceptInsecureCerts: false, acceptSslCerts: false, applicationCacheEnabled: false, browserConnectionEnabled: false, browserName: chrome, chrome: {chromedriverVersion: 2.38.551601 (edb21f07fc70e9..., userDataDir: C:\Users\Gokhan\AppData\Loc...}, cssSelectorsEnabled: true, databaseEnabled: false, handlesAlerts: true, hasTouchScreen: false, javascriptEnabled: true, locationContextEnabled: true, mobileEmulationEnabled: false, nativeEvents: true, networkConnectionEnabled: false, pageLoadStrategy: normal, platform: XP, platformName: XP, rotatable: false, setWindowRect: true, takesHeapSnapshot: true, takesScreenshot: true, unexpectedAlertBehaviour: , unhandledPromptBehavior: , version: 66.0.3359.139, webStorageEnabled: true}
Session ID: dcaeb788584adf8ff848e5792e204777
	at org.openqa.selenium.remote.ErrorHandler.createThrowable(ErrorHandler.java:214)
	at org.openqa.selenium.remote.ErrorHandler.throwIfResponseFailed(ErrorHandler.java:166)
	at org.openqa.selenium.remote.http.JsonHttpResponseCodec.reconstructValue(JsonHttpResponseCodec.java:40)
	at org.openqa.selenium.remote.http.AbstractHttpResponseCodec.decode(AbstractHttpResponseCodec.java:80)
	at org.openqa.selenium.remote.http.AbstractHttpResponseCodec.decode(AbstractHttpResponseCodec.java:44)
	at org.openqa.selenium.remote.HttpCommandExecutor.execute(HttpCommandExecutor.java:158)
	at org.openqa.selenium.remote.service.DriverCommandExecutor.execute(DriverCommandExecutor.java:83)
	at org.openqa.selenium.remote.RemoteWebDriver.execute(RemoteWebDriver.java:545)
	at org.openqa.selenium.remote.RemoteWebElement.execute(RemoteWebElement.java:279)
	at org.openqa.selenium.remote.RemoteWebElement.click(RemoteWebElement.java:83)
	at org.openqa.selenium.support.events.EventFiringWebDriver$EventFiringWebElement.lambda$new$0(EventFiringWebDriver.java:368)
	at com.sun.proxy.$Proxy14.click(Unknown Source)
	at org.openqa.selenium.support.events.EventFiringWebDriver$EventFiringWebElement.click(EventFiringWebDriver.java:380)
	at org.openqa.selenium.support.pagefactory.internal.LocatingElementHandler.invoke(LocatingElementHandler.java:51)
	at com.sun.proxy.$Proxy12.click(Unknown Source)
	at com.emaua.pages.InstitutionsPage.clickCheckCourseButton(InstitutionsPage.java:216)
	at com.emaua.testcases.InstitutionsPageTest.verifyInstitutionDetailsPopUpPageCheckCoursesButton(InstitutionsPageTest.java:156)
... Removed 35 stack frames
</div> <!-- stack-trace -->
                </div> <!-- method-content -->
              </div> <!-- method -->
              <div class="method">
                <div class="method-content">
                  <a name="verifyInstitutionDetailsPopUpPageDisplayed">
                  </a> <!-- verifyInstitutionDetailsPopUpPageDisplayed -->
                  <span class="method-name">verifyInstitutionDetailsPopUpPageDisplayed</span>
                  <div class="stack-trace">java.lang.AssertionError: Institution Details Popup page is not displayed. expected [true] but found [false]
	at com.emaua.testcases.InstitutionsPageTest.verifyInstitutionDetailsPopUpPageDisplayed(InstitutionsPageTest.java:147)
... Removed 30 stack frames
</div> <!-- stack-trace -->
                </div> <!-- method-content -->
              </div> <!-- method -->
              <div class="method">
                <div class="method-content">
                  <a name="verifyWarningMessages(name, description data provider, , Institution image is required.)">
                  </a> <!-- verifyWarningMessages(name, description data provider, , Institution image is required.) -->
                  <span class="method-name">verifyWarningMessages</span>
                  <span class="parameters">(name, description data provider, , Institution image is required.)</span>
                  <div class="stack-trace">org.openqa.selenium.NoSuchElementException: no such element: Unable to locate element: {&quot;method&quot;:&quot;xpath&quot;,&quot;selector&quot;:&quot;//span[@class=&apos;error&apos;]&quot;}
  (Session info: chrome=66.0.3359.139)
  (Driver info: chromedriver=2.38.551601 (edb21f07fc70e9027c746edd3201443e011a61ed),platform=Windows NT 6.1.7601 SP1 x86_64) (WARNING: The server did not provide any stacktrace information)
Command duration or timeout: 0 milliseconds
For documentation on this error, please visit: http://seleniumhq.org/exceptions/no_such_element.html
Build info: version: &apos;3.11.0&apos;, revision: &apos;e59cfb3&apos;, time: &apos;2018-03-11T20:33:08.638Z&apos;
System info: host: &apos;LENOVO-GOKHAN&apos;, ip: &apos;192.168.0.100&apos;, os.name: &apos;Windows 7&apos;, os.arch: &apos;amd64&apos;, os.version: &apos;6.1&apos;, java.version: &apos;1.8.0_151&apos;
Driver info: org.openqa.selenium.chrome.ChromeDriver
Capabilities {acceptInsecureCerts: false, acceptSslCerts: false, applicationCacheEnabled: false, browserConnectionEnabled: false, browserName: chrome, chrome: {chromedriverVersion: 2.38.551601 (edb21f07fc70e9..., userDataDir: C:\Users\Gokhan\AppData\Loc...}, cssSelectorsEnabled: true, databaseEnabled: false, handlesAlerts: true, hasTouchScreen: false, javascriptEnabled: true, locationContextEnabled: true, mobileEmulationEnabled: false, nativeEvents: true, networkConnectionEnabled: false, pageLoadStrategy: normal, platform: XP, platformName: XP, rotatable: false, setWindowRect: true, takesHeapSnapshot: true, takesScreenshot: true, unexpectedAlertBehaviour: , unhandledPromptBehavior: , version: 66.0.3359.139, webStorageEnabled: true}
Session ID: 5d45a79eb78410311e90cb4f1cda9aad
*** Element info: {Using=xpath, value=//span[@class=&apos;error&apos;]}
	at org.openqa.selenium.remote.ErrorHandler.createThrowable(ErrorHandler.java:214)
	at org.openqa.selenium.remote.ErrorHandler.throwIfResponseFailed(ErrorHandler.java:166)
	at org.openqa.selenium.remote.http.JsonHttpResponseCodec.reconstructValue(JsonHttpResponseCodec.java:40)
	at org.openqa.selenium.remote.http.AbstractHttpResponseCodec.decode(AbstractHttpResponseCodec.java:80)
	at org.openqa.selenium.remote.http.AbstractHttpResponseCodec.decode(AbstractHttpResponseCodec.java:44)
	at org.openqa.selenium.remote.HttpCommandExecutor.execute(HttpCommandExecutor.java:158)
	at org.openqa.selenium.remote.service.DriverCommandExecutor.execute(DriverCommandExecutor.java:83)
	at org.openqa.selenium.remote.RemoteWebDriver.execute(RemoteWebDriver.java:545)
	at org.openqa.selenium.remote.RemoteWebDriver.findElement(RemoteWebDriver.java:319)
	at org.openqa.selenium.remote.RemoteWebDriver.findElementByXPath(RemoteWebDriver.java:421)
	at org.openqa.selenium.By$ByXPath.findElement(By.java:361)
	at org.openqa.selenium.remote.RemoteWebDriver.findElement(RemoteWebDriver.java:311)
	at org.openqa.selenium.support.events.EventFiringWebDriver.lambda$new$1(EventFiringWebDriver.java:103)
	at com.sun.proxy.$Proxy8.findElement(Unknown Source)
	at org.openqa.selenium.support.events.EventFiringWebDriver.findElement(EventFiringWebDriver.java:186)
	at org.openqa.selenium.support.pagefactory.DefaultElementLocator.findElement(DefaultElementLocator.java:69)
	at org.openqa.selenium.support.pagefactory.internal.LocatingElementHandler.invoke(LocatingElementHandler.java:38)
	at com.sun.proxy.$Proxy12.getText(Unknown Source)
	at com.emaua.pages.InstitutionsPage.getWarningMessage(InstitutionsPage.java:308)
	at com.emaua.testcases.InstitutionsPageTest.verifyWarningMessages(InstitutionsPageTest.java:96)
... Removed 32 stack frames
</div> <!-- stack-trace -->
                </div> <!-- method-content -->
              </div> <!-- method -->
              <div class="method">
                <div class="method-content">
                  <a name="verifyWarningMessages(name, , C:\BusinessCard.GIF, Institution description is required.)">
                  </a> <!-- verifyWarningMessages(name, , C:\BusinessCard.GIF, Institution description is required.) -->
                  <span class="method-name">verifyWarningMessages</span>
                  <span class="parameters">(name, , C:\BusinessCard.GIF, Institution description is required.)</span>
                  <div class="stack-trace">org.openqa.selenium.NoSuchElementException: no such element: Unable to locate element: {&quot;method&quot;:&quot;xpath&quot;,&quot;selector&quot;:&quot;//span[@class=&apos;error&apos;]&quot;}
  (Session info: chrome=66.0.3359.139)
  (Driver info: chromedriver=2.38.551601 (edb21f07fc70e9027c746edd3201443e011a61ed),platform=Windows NT 6.1.7601 SP1 x86_64) (WARNING: The server did not provide any stacktrace information)
Command duration or timeout: 0 milliseconds
For documentation on this error, please visit: http://seleniumhq.org/exceptions/no_such_element.html
Build info: version: &apos;3.11.0&apos;, revision: &apos;e59cfb3&apos;, time: &apos;2018-03-11T20:33:08.638Z&apos;
System info: host: &apos;LENOVO-GOKHAN&apos;, ip: &apos;192.168.0.100&apos;, os.name: &apos;Windows 7&apos;, os.arch: &apos;amd64&apos;, os.version: &apos;6.1&apos;, java.version: &apos;1.8.0_151&apos;
Driver info: org.openqa.selenium.chrome.ChromeDriver
Capabilities {acceptInsecureCerts: false, acceptSslCerts: false, applicationCacheEnabled: false, browserConnectionEnabled: false, browserName: chrome, chrome: {chromedriverVersion: 2.38.551601 (edb21f07fc70e9..., userDataDir: C:\Users\Gokhan\AppData\Loc...}, cssSelectorsEnabled: true, databaseEnabled: false, handlesAlerts: true, hasTouchScreen: false, javascriptEnabled: true, locationContextEnabled: true, mobileEmulationEnabled: false, nativeEvents: true, networkConnectionEnabled: false, pageLoadStrategy: normal, platform: XP, platformName: XP, rotatable: false, setWindowRect: true, takesHeapSnapshot: true, takesScreenshot: true, unexpectedAlertBehaviour: , unhandledPromptBehavior: , version: 66.0.3359.139, webStorageEnabled: true}
Session ID: 6de1f36bb8f295687a7157935d0f20b6
*** Element info: {Using=xpath, value=//span[@class=&apos;error&apos;]}
	at org.openqa.selenium.remote.ErrorHandler.createThrowable(ErrorHandler.java:214)
	at org.openqa.selenium.remote.ErrorHandler.throwIfResponseFailed(ErrorHandler.java:166)
	at org.openqa.selenium.remote.http.JsonHttpResponseCodec.reconstructValue(JsonHttpResponseCodec.java:40)
	at org.openqa.selenium.remote.http.AbstractHttpResponseCodec.decode(AbstractHttpResponseCodec.java:80)
	at org.openqa.selenium.remote.http.AbstractHttpResponseCodec.decode(AbstractHttpResponseCodec.java:44)
	at org.openqa.selenium.remote.HttpCommandExecutor.execute(HttpCommandExecutor.java:158)
	at org.openqa.selenium.remote.service.DriverCommandExecutor.execute(DriverCommandExecutor.java:83)
	at org.openqa.selenium.remote.RemoteWebDriver.execute(RemoteWebDriver.java:545)
	at org.openqa.selenium.remote.RemoteWebDriver.findElement(RemoteWebDriver.java:319)
	at org.openqa.selenium.remote.RemoteWebDriver.findElementByXPath(RemoteWebDriver.java:421)
	at org.openqa.selenium.By$ByXPath.findElement(By.java:361)
	at org.openqa.selenium.remote.RemoteWebDriver.findElement(RemoteWebDriver.java:311)
	at org.openqa.selenium.support.events.EventFiringWebDriver.lambda$new$1(EventFiringWebDriver.java:103)
	at com.sun.proxy.$Proxy8.findElement(Unknown Source)
	at org.openqa.selenium.support.events.EventFiringWebDriver.findElement(EventFiringWebDriver.java:186)
	at org.openqa.selenium.support.pagefactory.DefaultElementLocator.findElement(DefaultElementLocator.java:69)
	at org.openqa.selenium.support.pagefactory.internal.LocatingElementHandler.invoke(LocatingElementHandler.java:38)
	at com.sun.proxy.$Proxy12.getText(Unknown Source)
	at com.emaua.pages.InstitutionsPage.getWarningMessage(InstitutionsPage.java:308)
	at com.emaua.testcases.InstitutionsPageTest.verifyWarningMessages(InstitutionsPageTest.java:96)
... Removed 32 stack frames
</div> <!-- stack-trace -->
                </div> <!-- method-content -->
              </div> <!-- method -->
            </div> <!-- main-panel-content rounded-window-bottom -->
          </div> <!-- suite-Emaua_Test_Automation_Test_Suite-class-failed -->
          <div class="suite-Emaua_Test_Automation_Test_Suite-class-failed">
            <div class="main-panel-header rounded-window-top">
              <img src="failed.png"/>
              <span class="class-name">com.emaua.testcases.CoursesPageTest</span>
            </div> <!-- main-panel-header rounded-window-top -->
            <div class="main-panel-content rounded-window-bottom">
              <div class="method">
                <div class="method-content">
                  <a name="verifyAboutUsPageHeaderTest">
                  </a> <!-- verifyAboutUsPageHeaderTest -->
                  <span class="method-name">verifyAboutUsPageHeaderTest</span>
                  <div class="stack-trace">org.openqa.selenium.NoSuchElementException: no such element: Unable to locate element: {&quot;method&quot;:&quot;xpath&quot;,&quot;selector&quot;:&quot;//p[@class=&apos;category-title&apos;]&quot;}
  (Session info: chrome=66.0.3359.139)
  (Driver info: chromedriver=2.38.551601 (edb21f07fc70e9027c746edd3201443e011a61ed),platform=Windows NT 6.1.7601 SP1 x86_64) (WARNING: The server did not provide any stacktrace information)
Command duration or timeout: 0 milliseconds
For documentation on this error, please visit: http://seleniumhq.org/exceptions/no_such_element.html
Build info: version: &apos;3.11.0&apos;, revision: &apos;e59cfb3&apos;, time: &apos;2018-03-11T20:33:08.638Z&apos;
System info: host: &apos;LENOVO-GOKHAN&apos;, ip: &apos;192.168.0.100&apos;, os.name: &apos;Windows 7&apos;, os.arch: &apos;amd64&apos;, os.version: &apos;6.1&apos;, java.version: &apos;1.8.0_151&apos;
Driver info: org.openqa.selenium.chrome.ChromeDriver
Capabilities {acceptInsecureCerts: false, acceptSslCerts: false, applicationCacheEnabled: false, browserConnectionEnabled: false, browserName: chrome, chrome: {chromedriverVersion: 2.38.551601 (edb21f07fc70e9..., userDataDir: C:\Users\Gokhan\AppData\Loc...}, cssSelectorsEnabled: true, databaseEnabled: false, handlesAlerts: true, hasTouchScreen: false, javascriptEnabled: true, locationContextEnabled: true, mobileEmulationEnabled: false, nativeEvents: true, networkConnectionEnabled: false, pageLoadStrategy: normal, platform: XP, platformName: XP, rotatable: false, setWindowRect: true, takesHeapSnapshot: true, takesScreenshot: true, unexpectedAlertBehaviour: , unhandledPromptBehavior: , version: 66.0.3359.139, webStorageEnabled: true}
Session ID: ddd2c3460384f4864d776098500d9983
*** Element info: {Using=xpath, value=//p[@class=&apos;category-title&apos;]}
	at org.openqa.selenium.remote.ErrorHandler.createThrowable(ErrorHandler.java:214)
	at org.openqa.selenium.remote.ErrorHandler.throwIfResponseFailed(ErrorHandler.java:166)
	at org.openqa.selenium.remote.http.JsonHttpResponseCodec.reconstructValue(JsonHttpResponseCodec.java:40)
	at org.openqa.selenium.remote.http.AbstractHttpResponseCodec.decode(AbstractHttpResponseCodec.java:80)
	at org.openqa.selenium.remote.http.AbstractHttpResponseCodec.decode(AbstractHttpResponseCodec.java:44)
	at org.openqa.selenium.remote.HttpCommandExecutor.execute(HttpCommandExecutor.java:158)
	at org.openqa.selenium.remote.service.DriverCommandExecutor.execute(DriverCommandExecutor.java:83)
	at org.openqa.selenium.remote.RemoteWebDriver.execute(RemoteWebDriver.java:545)
	at org.openqa.selenium.remote.RemoteWebDriver.findElement(RemoteWebDriver.java:319)
	at org.openqa.selenium.remote.RemoteWebDriver.findElementByXPath(RemoteWebDriver.java:421)
	at org.openqa.selenium.By$ByXPath.findElement(By.java:361)
	at org.openqa.selenium.remote.RemoteWebDriver.findElement(RemoteWebDriver.java:311)
	at org.openqa.selenium.support.events.EventFiringWebDriver.lambda$new$1(EventFiringWebDriver.java:103)
	at com.sun.proxy.$Proxy8.findElement(Unknown Source)
	at org.openqa.selenium.support.events.EventFiringWebDriver.findElement(EventFiringWebDriver.java:186)
	at org.openqa.selenium.support.pagefactory.DefaultElementLocator.findElement(DefaultElementLocator.java:69)
	at org.openqa.selenium.support.pagefactory.internal.LocatingElementHandler.invoke(LocatingElementHandler.java:38)
	at com.sun.proxy.$Proxy12.getText(Unknown Source)
	at com.emaua.pages.CoursesPage.verifyCoursesPageHeading(CoursesPage.java:200)
	at com.emaua.testcases.CoursesPageTest.verifyAboutUsPageHeaderTest(CoursesPageTest.java:46)
... Removed 32 stack frames
</div> <!-- stack-trace -->
                </div> <!-- method-content -->
              </div> <!-- method -->
              <div class="method">
                <div class="method-content">
                  <a name="verifyBreadCrumb">
                  </a> <!-- verifyBreadCrumb -->
                  <span class="method-name">verifyBreadCrumb</span>
                  <div class="stack-trace">java.lang.AssertionError: BreadCrumb does not match expected [Home/About] but found []
	at com.emaua.testcases.CoursesPageTest.verifyBreadCrumb(CoursesPageTest.java:58)
... Removed 30 stack frames
</div> <!-- stack-trace -->
                </div> <!-- method-content -->
              </div> <!-- method -->
            </div> <!-- main-panel-content rounded-window-bottom -->
          </div> <!-- suite-Emaua_Test_Automation_Test_Suite-class-failed -->
          <div class="suite-Emaua_Test_Automation_Test_Suite-class-skipped">
            <div class="main-panel-header rounded-window-top">
              <img src="skipped.png"/>
              <span class="class-name">com.emaua.testcases.TeachersPageTest</span>
            </div> <!-- main-panel-header rounded-window-top -->
            <div class="main-panel-content rounded-window-bottom">
              <div class="method">
                <div class="method-content">
                  <a name="verifyAddTeacher">
                  </a> <!-- verifyAddTeacher -->
                  <span class="method-name">verifyAddTeacher</span>
                  <div class="stack-trace">java.lang.RuntimeException: java.lang.NullPointerException
Caused by: java.lang.NullPointerException
	at com.emaua.util.TestUtil.getTestData(TestUtil.java:52)
	at com.emaua.testcases.TeachersPageTest.getEmauaTestData2(TeachersPageTest.java:57)
	... 22 more
... Removed 30 stack frames
</div> <!-- stack-trace -->
                </div> <!-- method-content -->
              </div> <!-- method -->
              <div class="method">
                <div class="method-content">
                  <a name="verifyAddTeacherButtonTest">
                  </a> <!-- verifyAddTeacherButtonTest -->
                  <span class="method-name">verifyAddTeacherButtonTest</span>
                  <div class="stack-trace">java.lang.RuntimeException: java.lang.NullPointerException
Caused by: java.lang.NullPointerException
	at com.emaua.util.TestUtil.getTestData(TestUtil.java:52)
	at com.emaua.testcases.TeachersPageTest.getEmauaTestData1(TeachersPageTest.java:51)
	... 22 more
... Removed 30 stack frames
</div> <!-- stack-trace -->
                </div> <!-- method-content -->
              </div> <!-- method -->
              <div class="method">
                <div class="method-content">
                  <a name="verifyDeleteInstitutionTest">
                  </a> <!-- verifyDeleteInstitutionTest -->
                  <span class="method-name">verifyDeleteInstitutionTest</span>
                  <div class="stack-trace">org.openqa.selenium.TimeoutException: timeout
  (Session info: chrome=66.0.3359.139)
  (Driver info: chromedriver=2.38.551601 (edb21f07fc70e9027c746edd3201443e011a61ed),platform=Windows NT 6.1.7601 SP1 x86_64) (WARNING: The server did not provide any stacktrace information)
Command duration or timeout: 0 milliseconds
Build info: version: &apos;3.11.0&apos;, revision: &apos;e59cfb3&apos;, time: &apos;2018-03-11T20:33:08.638Z&apos;
System info: host: &apos;LENOVO-GOKHAN&apos;, ip: &apos;192.168.0.100&apos;, os.name: &apos;Windows 7&apos;, os.arch: &apos;amd64&apos;, os.version: &apos;6.1&apos;, java.version: &apos;1.8.0_151&apos;
Driver info: org.openqa.selenium.chrome.ChromeDriver
Capabilities {acceptInsecureCerts: false, acceptSslCerts: false, applicationCacheEnabled: false, browserConnectionEnabled: false, browserName: chrome, chrome: {chromedriverVersion: 2.38.551601 (edb21f07fc70e9..., userDataDir: C:\Users\Gokhan\AppData\Loc...}, cssSelectorsEnabled: true, databaseEnabled: false, handlesAlerts: true, hasTouchScreen: false, javascriptEnabled: true, locationContextEnabled: true, mobileEmulationEnabled: false, nativeEvents: true, networkConnectionEnabled: false, pageLoadStrategy: normal, platform: XP, platformName: XP, rotatable: false, setWindowRect: true, takesHeapSnapshot: true, takesScreenshot: true, unexpectedAlertBehaviour: , unhandledPromptBehavior: , version: 66.0.3359.139, webStorageEnabled: true}
Session ID: b62412c81dda148d5c8ace03c7093924
	at org.openqa.selenium.remote.ErrorHandler.createThrowable(ErrorHandler.java:214)
	at org.openqa.selenium.remote.ErrorHandler.throwIfResponseFailed(ErrorHandler.java:166)
	at org.openqa.selenium.remote.http.JsonHttpResponseCodec.reconstructValue(JsonHttpResponseCodec.java:40)
	at org.openqa.selenium.remote.http.AbstractHttpResponseCodec.decode(AbstractHttpResponseCodec.java:80)
	at org.openqa.selenium.remote.http.AbstractHttpResponseCodec.decode(AbstractHttpResponseCodec.java:44)
	at org.openqa.selenium.remote.HttpCommandExecutor.execute(HttpCommandExecutor.java:158)
	at org.openqa.selenium.remote.service.DriverCommandExecutor.execute(DriverCommandExecutor.java:83)
	at org.openqa.selenium.remote.RemoteWebDriver.execute(RemoteWebDriver.java:545)
	at org.openqa.selenium.remote.RemoteWebDriver.get(RemoteWebDriver.java:273)
	at org.openqa.selenium.support.events.EventFiringWebDriver.lambda$new$1(EventFiringWebDriver.java:103)
	at com.sun.proxy.$Proxy8.get(Unknown Source)
	at org.openqa.selenium.support.events.EventFiringWebDriver.get(EventFiringWebDriver.java:161)
	at com.emaua.base.TestBase.initialization(TestBase.java:65)
	at com.emaua.testcases.TeachersPageTest.setUp(TeachersPageTest.java:38)
... Removed 34 stack frames
</div> <!-- stack-trace -->
                </div> <!-- method-content -->
              </div> <!-- method -->
              <div class="method">
                <div class="method-content">
                  <a name="verifyEditInstitutionTest">
                  </a> <!-- verifyEditInstitutionTest -->
                  <span class="method-name">verifyEditInstitutionTest</span>
                  <div class="stack-trace">org.openqa.selenium.TimeoutException: timeout
  (Session info: chrome=66.0.3359.139)
  (Driver info: chromedriver=2.38.551601 (edb21f07fc70e9027c746edd3201443e011a61ed),platform=Windows NT 6.1.7601 SP1 x86_64) (WARNING: The server did not provide any stacktrace information)
Command duration or timeout: 0 milliseconds
Build info: version: &apos;3.11.0&apos;, revision: &apos;e59cfb3&apos;, time: &apos;2018-03-11T20:33:08.638Z&apos;
System info: host: &apos;LENOVO-GOKHAN&apos;, ip: &apos;192.168.0.100&apos;, os.name: &apos;Windows 7&apos;, os.arch: &apos;amd64&apos;, os.version: &apos;6.1&apos;, java.version: &apos;1.8.0_151&apos;
Driver info: org.openqa.selenium.chrome.ChromeDriver
Capabilities {acceptInsecureCerts: false, acceptSslCerts: false, applicationCacheEnabled: false, browserConnectionEnabled: false, browserName: chrome, chrome: {chromedriverVersion: 2.38.551601 (edb21f07fc70e9..., userDataDir: C:\Users\Gokhan\AppData\Loc...}, cssSelectorsEnabled: true, databaseEnabled: false, handlesAlerts: true, hasTouchScreen: false, javascriptEnabled: true, locationContextEnabled: true, mobileEmulationEnabled: false, nativeEvents: true, networkConnectionEnabled: false, pageLoadStrategy: normal, platform: XP, platformName: XP, rotatable: false, setWindowRect: true, takesHeapSnapshot: true, takesScreenshot: true, unexpectedAlertBehaviour: , unhandledPromptBehavior: , version: 66.0.3359.139, webStorageEnabled: true}
Session ID: b62412c81dda148d5c8ace03c7093924
	at org.openqa.selenium.remote.ErrorHandler.createThrowable(ErrorHandler.java:214)
	at org.openqa.selenium.remote.ErrorHandler.throwIfResponseFailed(ErrorHandler.java:166)
	at org.openqa.selenium.remote.http.JsonHttpResponseCodec.reconstructValue(JsonHttpResponseCodec.java:40)
	at org.openqa.selenium.remote.http.AbstractHttpResponseCodec.decode(AbstractHttpResponseCodec.java:80)
	at org.openqa.selenium.remote.http.AbstractHttpResponseCodec.decode(AbstractHttpResponseCodec.java:44)
	at org.openqa.selenium.remote.HttpCommandExecutor.execute(HttpCommandExecutor.java:158)
	at org.openqa.selenium.remote.service.DriverCommandExecutor.execute(DriverCommandExecutor.java:83)
	at org.openqa.selenium.remote.RemoteWebDriver.execute(RemoteWebDriver.java:545)
	at org.openqa.selenium.remote.RemoteWebDriver.get(RemoteWebDriver.java:273)
	at org.openqa.selenium.support.events.EventFiringWebDriver.lambda$new$1(EventFiringWebDriver.java:103)
	at com.sun.proxy.$Proxy8.get(Unknown Source)
	at org.openqa.selenium.support.events.EventFiringWebDriver.get(EventFiringWebDriver.java:161)
	at com.emaua.base.TestBase.initialization(TestBase.java:65)
	at com.emaua.testcases.TeachersPageTest.setUp(TeachersPageTest.java:38)
... Removed 34 stack frames
</div> <!-- stack-trace -->
                </div> <!-- method-content -->
              </div> <!-- method -->
              <div class="method">
                <div class="method-content">
                  <a name="verifyInstitutionDetailsPopUpPageCheckCoursesButton">
                  </a> <!-- verifyInstitutionDetailsPopUpPageCheckCoursesButton -->
                  <span class="method-name">verifyInstitutionDetailsPopUpPageCheckCoursesButton</span>
                  <div class="stack-trace">org.openqa.selenium.TimeoutException: timeout
  (Session info: chrome=66.0.3359.139)
  (Driver info: chromedriver=2.38.551601 (edb21f07fc70e9027c746edd3201443e011a61ed),platform=Windows NT 6.1.7601 SP1 x86_64) (WARNING: The server did not provide any stacktrace information)
Command duration or timeout: 0 milliseconds
Build info: version: &apos;3.11.0&apos;, revision: &apos;e59cfb3&apos;, time: &apos;2018-03-11T20:33:08.638Z&apos;
System info: host: &apos;LENOVO-GOKHAN&apos;, ip: &apos;192.168.0.100&apos;, os.name: &apos;Windows 7&apos;, os.arch: &apos;amd64&apos;, os.version: &apos;6.1&apos;, java.version: &apos;1.8.0_151&apos;
Driver info: org.openqa.selenium.chrome.ChromeDriver
Capabilities {acceptInsecureCerts: false, acceptSslCerts: false, applicationCacheEnabled: false, browserConnectionEnabled: false, browserName: chrome, chrome: {chromedriverVersion: 2.38.551601 (edb21f07fc70e9..., userDataDir: C:\Users\Gokhan\AppData\Loc...}, cssSelectorsEnabled: true, databaseEnabled: false, handlesAlerts: true, hasTouchScreen: false, javascriptEnabled: true, locationContextEnabled: true, mobileEmulationEnabled: false, nativeEvents: true, networkConnectionEnabled: false, pageLoadStrategy: normal, platform: XP, platformName: XP, rotatable: false, setWindowRect: true, takesHeapSnapshot: true, takesScreenshot: true, unexpectedAlertBehaviour: , unhandledPromptBehavior: , version: 66.0.3359.139, webStorageEnabled: true}
Session ID: b62412c81dda148d5c8ace03c7093924
	at org.openqa.selenium.remote.ErrorHandler.createThrowable(ErrorHandler.java:214)
	at org.openqa.selenium.remote.ErrorHandler.throwIfResponseFailed(ErrorHandler.java:166)
	at org.openqa.selenium.remote.http.JsonHttpResponseCodec.reconstructValue(JsonHttpResponseCodec.java:40)
	at org.openqa.selenium.remote.http.AbstractHttpResponseCodec.decode(AbstractHttpResponseCodec.java:80)
	at org.openqa.selenium.remote.http.AbstractHttpResponseCodec.decode(AbstractHttpResponseCodec.java:44)
	at org.openqa.selenium.remote.HttpCommandExecutor.execute(HttpCommandExecutor.java:158)
	at org.openqa.selenium.remote.service.DriverCommandExecutor.execute(DriverCommandExecutor.java:83)
	at org.openqa.selenium.remote.RemoteWebDriver.execute(RemoteWebDriver.java:545)
	at org.openqa.selenium.remote.RemoteWebDriver.get(RemoteWebDriver.java:273)
	at org.openqa.selenium.support.events.EventFiringWebDriver.lambda$new$1(EventFiringWebDriver.java:103)
	at com.sun.proxy.$Proxy8.get(Unknown Source)
	at org.openqa.selenium.support.events.EventFiringWebDriver.get(EventFiringWebDriver.java:161)
	at com.emaua.base.TestBase.initialization(TestBase.java:65)
	at com.emaua.testcases.TeachersPageTest.setUp(TeachersPageTest.java:38)
... Removed 34 stack frames
</div> <!-- stack-trace -->
                </div> <!-- method-content -->
              </div> <!-- method -->
              <div class="method">
                <div class="method-content">
                  <a name="verifyInstitutionDetailsPopUpPageDisplayed">
                  </a> <!-- verifyInstitutionDetailsPopUpPageDisplayed -->
                  <span class="method-name">verifyInstitutionDetailsPopUpPageDisplayed</span>
                  <div class="stack-trace">org.openqa.selenium.TimeoutException: timeout
  (Session info: chrome=66.0.3359.139)
  (Driver info: chromedriver=2.38.551601 (edb21f07fc70e9027c746edd3201443e011a61ed),platform=Windows NT 6.1.7601 SP1 x86_64) (WARNING: The server did not provide any stacktrace information)
Command duration or timeout: 0 milliseconds
Build info: version: &apos;3.11.0&apos;, revision: &apos;e59cfb3&apos;, time: &apos;2018-03-11T20:33:08.638Z&apos;
System info: host: &apos;LENOVO-GOKHAN&apos;, ip: &apos;192.168.0.100&apos;, os.name: &apos;Windows 7&apos;, os.arch: &apos;amd64&apos;, os.version: &apos;6.1&apos;, java.version: &apos;1.8.0_151&apos;
Driver info: org.openqa.selenium.chrome.ChromeDriver
Capabilities {acceptInsecureCerts: false, acceptSslCerts: false, applicationCacheEnabled: false, browserConnectionEnabled: false, browserName: chrome, chrome: {chromedriverVersion: 2.38.551601 (edb21f07fc70e9..., userDataDir: C:\Users\Gokhan\AppData\Loc...}, cssSelectorsEnabled: true, databaseEnabled: false, handlesAlerts: true, hasTouchScreen: false, javascriptEnabled: true, locationContextEnabled: true, mobileEmulationEnabled: false, nativeEvents: true, networkConnectionEnabled: false, pageLoadStrategy: normal, platform: XP, platformName: XP, rotatable: false, setWindowRect: true, takesHeapSnapshot: true, takesScreenshot: true, unexpectedAlertBehaviour: , unhandledPromptBehavior: , version: 66.0.3359.139, webStorageEnabled: true}
Session ID: b62412c81dda148d5c8ace03c7093924
	at org.openqa.selenium.remote.ErrorHandler.createThrowable(ErrorHandler.java:214)
	at org.openqa.selenium.remote.ErrorHandler.throwIfResponseFailed(ErrorHandler.java:166)
	at org.openqa.selenium.remote.http.JsonHttpResponseCodec.reconstructValue(JsonHttpResponseCodec.java:40)
	at org.openqa.selenium.remote.http.AbstractHttpResponseCodec.decode(AbstractHttpResponseCodec.java:80)
	at org.openqa.selenium.remote.http.AbstractHttpResponseCodec.decode(AbstractHttpResponseCodec.java:44)
	at org.openqa.selenium.remote.HttpCommandExecutor.execute(HttpCommandExecutor.java:158)
	at org.openqa.selenium.remote.service.DriverCommandExecutor.execute(DriverCommandExecutor.java:83)
	at org.openqa.selenium.remote.RemoteWebDriver.execute(RemoteWebDriver.java:545)
	at org.openqa.selenium.remote.RemoteWebDriver.get(RemoteWebDriver.java:273)
	at org.openqa.selenium.support.events.EventFiringWebDriver.lambda$new$1(EventFiringWebDriver.java:103)
	at com.sun.proxy.$Proxy8.get(Unknown Source)
	at org.openqa.selenium.support.events.EventFiringWebDriver.get(EventFiringWebDriver.java:161)
	at com.emaua.base.TestBase.initialization(TestBase.java:65)
	at com.emaua.testcases.TeachersPageTest.setUp(TeachersPageTest.java:38)
... Removed 34 stack frames
</div> <!-- stack-trace -->
                </div> <!-- method-content -->
              </div> <!-- method -->
              <div class="method">
                <div class="method-content">
                  <a name="verifyMandatoryNameField">
                  </a> <!-- verifyMandatoryNameField -->
                  <span class="method-name">verifyMandatoryNameField</span>
                  <div class="stack-trace">org.openqa.selenium.TimeoutException: timeout
  (Session info: chrome=66.0.3359.139)
  (Driver info: chromedriver=2.38.551601 (edb21f07fc70e9027c746edd3201443e011a61ed),platform=Windows NT 6.1.7601 SP1 x86_64) (WARNING: The server did not provide any stacktrace information)
Command duration or timeout: 0 milliseconds
Build info: version: &apos;3.11.0&apos;, revision: &apos;e59cfb3&apos;, time: &apos;2018-03-11T20:33:08.638Z&apos;
System info: host: &apos;LENOVO-GOKHAN&apos;, ip: &apos;192.168.0.100&apos;, os.name: &apos;Windows 7&apos;, os.arch: &apos;amd64&apos;, os.version: &apos;6.1&apos;, java.version: &apos;1.8.0_151&apos;
Driver info: org.openqa.selenium.chrome.ChromeDriver
Capabilities {acceptInsecureCerts: false, acceptSslCerts: false, applicationCacheEnabled: false, browserConnectionEnabled: false, browserName: chrome, chrome: {chromedriverVersion: 2.38.551601 (edb21f07fc70e9..., userDataDir: C:\Users\Gokhan\AppData\Loc...}, cssSelectorsEnabled: true, databaseEnabled: false, handlesAlerts: true, hasTouchScreen: false, javascriptEnabled: true, locationContextEnabled: true, mobileEmulationEnabled: false, nativeEvents: true, networkConnectionEnabled: false, pageLoadStrategy: normal, platform: XP, platformName: XP, rotatable: false, setWindowRect: true, takesHeapSnapshot: true, takesScreenshot: true, unexpectedAlertBehaviour: , unhandledPromptBehavior: , version: 66.0.3359.139, webStorageEnabled: true}
Session ID: b62412c81dda148d5c8ace03c7093924
	at org.openqa.selenium.remote.ErrorHandler.createThrowable(ErrorHandler.java:214)
	at org.openqa.selenium.remote.ErrorHandler.throwIfResponseFailed(ErrorHandler.java:166)
	at org.openqa.selenium.remote.http.JsonHttpResponseCodec.reconstructValue(JsonHttpResponseCodec.java:40)
	at org.openqa.selenium.remote.http.AbstractHttpResponseCodec.decode(AbstractHttpResponseCodec.java:80)
	at org.openqa.selenium.remote.http.AbstractHttpResponseCodec.decode(AbstractHttpResponseCodec.java:44)
	at org.openqa.selenium.remote.HttpCommandExecutor.execute(HttpCommandExecutor.java:158)
	at org.openqa.selenium.remote.service.DriverCommandExecutor.execute(DriverCommandExecutor.java:83)
	at org.openqa.selenium.remote.RemoteWebDriver.execute(RemoteWebDriver.java:545)
	at org.openqa.selenium.remote.RemoteWebDriver.get(RemoteWebDriver.java:273)
	at org.openqa.selenium.support.events.EventFiringWebDriver.lambda$new$1(EventFiringWebDriver.java:103)
	at com.sun.proxy.$Proxy8.get(Unknown Source)
	at org.openqa.selenium.support.events.EventFiringWebDriver.get(EventFiringWebDriver.java:161)
	at com.emaua.base.TestBase.initialization(TestBase.java:65)
	at com.emaua.testcases.TeachersPageTest.setUp(TeachersPageTest.java:38)
... Removed 34 stack frames
</div> <!-- stack-trace -->
                </div> <!-- method-content -->
              </div> <!-- method -->
              <div class="method">
                <div class="method-content">
                  <a name="verifyPagination">
                  </a> <!-- verifyPagination -->
                  <span class="method-name">verifyPagination</span>
                  <div class="stack-trace">org.openqa.selenium.TimeoutException: timeout
  (Session info: chrome=66.0.3359.139)
  (Driver info: chromedriver=2.38.551601 (edb21f07fc70e9027c746edd3201443e011a61ed),platform=Windows NT 6.1.7601 SP1 x86_64) (WARNING: The server did not provide any stacktrace information)
Command duration or timeout: 0 milliseconds
Build info: version: &apos;3.11.0&apos;, revision: &apos;e59cfb3&apos;, time: &apos;2018-03-11T20:33:08.638Z&apos;
System info: host: &apos;LENOVO-GOKHAN&apos;, ip: &apos;192.168.0.100&apos;, os.name: &apos;Windows 7&apos;, os.arch: &apos;amd64&apos;, os.version: &apos;6.1&apos;, java.version: &apos;1.8.0_151&apos;
Driver info: org.openqa.selenium.chrome.ChromeDriver
Capabilities {acceptInsecureCerts: false, acceptSslCerts: false, applicationCacheEnabled: false, browserConnectionEnabled: false, browserName: chrome, chrome: {chromedriverVersion: 2.38.551601 (edb21f07fc70e9..., userDataDir: C:\Users\Gokhan\AppData\Loc...}, cssSelectorsEnabled: true, databaseEnabled: false, handlesAlerts: true, hasTouchScreen: false, javascriptEnabled: true, locationContextEnabled: true, mobileEmulationEnabled: false, nativeEvents: true, networkConnectionEnabled: false, pageLoadStrategy: normal, platform: XP, platformName: XP, rotatable: false, setWindowRect: true, takesHeapSnapshot: true, takesScreenshot: true, unexpectedAlertBehaviour: , unhandledPromptBehavior: , version: 66.0.3359.139, webStorageEnabled: true}
Session ID: b62412c81dda148d5c8ace03c7093924
	at org.openqa.selenium.remote.ErrorHandler.createThrowable(ErrorHandler.java:214)
	at org.openqa.selenium.remote.ErrorHandler.throwIfResponseFailed(ErrorHandler.java:166)
	at org.openqa.selenium.remote.http.JsonHttpResponseCodec.reconstructValue(JsonHttpResponseCodec.java:40)
	at org.openqa.selenium.remote.http.AbstractHttpResponseCodec.decode(AbstractHttpResponseCodec.java:80)
	at org.openqa.selenium.remote.http.AbstractHttpResponseCodec.decode(AbstractHttpResponseCodec.java:44)
	at org.openqa.selenium.remote.HttpCommandExecutor.execute(HttpCommandExecutor.java:158)
	at org.openqa.selenium.remote.service.DriverCommandExecutor.execute(DriverCommandExecutor.java:83)
	at org.openqa.selenium.remote.RemoteWebDriver.execute(RemoteWebDriver.java:545)
	at org.openqa.selenium.remote.RemoteWebDriver.get(RemoteWebDriver.java:273)
	at org.openqa.selenium.support.events.EventFiringWebDriver.lambda$new$1(EventFiringWebDriver.java:103)
	at com.sun.proxy.$Proxy8.get(Unknown Source)
	at org.openqa.selenium.support.events.EventFiringWebDriver.get(EventFiringWebDriver.java:161)
	at com.emaua.base.TestBase.initialization(TestBase.java:65)
	at com.emaua.testcases.TeachersPageTest.setUp(TeachersPageTest.java:38)
... Removed 34 stack frames
</div> <!-- stack-trace -->
                </div> <!-- method-content -->
              </div> <!-- method -->
              <div class="method">
                <div class="method-content">
                  <a name="verifySaveButtonDisabled">
                  </a> <!-- verifySaveButtonDisabled -->
                  <span class="method-name">verifySaveButtonDisabled</span>
                  <div class="stack-trace">org.openqa.selenium.TimeoutException: timeout
  (Session info: chrome=66.0.3359.139)
  (Driver info: chromedriver=2.38.551601 (edb21f07fc70e9027c746edd3201443e011a61ed),platform=Windows NT 6.1.7601 SP1 x86_64) (WARNING: The server did not provide any stacktrace information)
Command duration or timeout: 0 milliseconds
Build info: version: &apos;3.11.0&apos;, revision: &apos;e59cfb3&apos;, time: &apos;2018-03-11T20:33:08.638Z&apos;
System info: host: &apos;LENOVO-GOKHAN&apos;, ip: &apos;192.168.0.100&apos;, os.name: &apos;Windows 7&apos;, os.arch: &apos;amd64&apos;, os.version: &apos;6.1&apos;, java.version: &apos;1.8.0_151&apos;
Driver info: org.openqa.selenium.chrome.ChromeDriver
Capabilities {acceptInsecureCerts: false, acceptSslCerts: false, applicationCacheEnabled: false, browserConnectionEnabled: false, browserName: chrome, chrome: {chromedriverVersion: 2.38.551601 (edb21f07fc70e9..., userDataDir: C:\Users\Gokhan\AppData\Loc...}, cssSelectorsEnabled: true, databaseEnabled: false, handlesAlerts: true, hasTouchScreen: false, javascriptEnabled: true, locationContextEnabled: true, mobileEmulationEnabled: false, nativeEvents: true, networkConnectionEnabled: false, pageLoadStrategy: normal, platform: XP, platformName: XP, rotatable: false, setWindowRect: true, takesHeapSnapshot: true, takesScreenshot: true, unexpectedAlertBehaviour: , unhandledPromptBehavior: , version: 66.0.3359.139, webStorageEnabled: true}
Session ID: b62412c81dda148d5c8ace03c7093924
	at org.openqa.selenium.remote.ErrorHandler.createThrowable(ErrorHandler.java:214)
	at org.openqa.selenium.remote.ErrorHandler.throwIfResponseFailed(ErrorHandler.java:166)
	at org.openqa.selenium.remote.http.JsonHttpResponseCodec.reconstructValue(JsonHttpResponseCodec.java:40)
	at org.openqa.selenium.remote.http.AbstractHttpResponseCodec.decode(AbstractHttpResponseCodec.java:80)
	at org.openqa.selenium.remote.http.AbstractHttpResponseCodec.decode(AbstractHttpResponseCodec.java:44)
	at org.openqa.selenium.remote.HttpCommandExecutor.execute(HttpCommandExecutor.java:158)
	at org.openqa.selenium.remote.service.DriverCommandExecutor.execute(DriverCommandExecutor.java:83)
	at org.openqa.selenium.remote.RemoteWebDriver.execute(RemoteWebDriver.java:545)
	at org.openqa.selenium.remote.RemoteWebDriver.get(RemoteWebDriver.java:273)
	at org.openqa.selenium.support.events.EventFiringWebDriver.lambda$new$1(EventFiringWebDriver.java:103)
	at com.sun.proxy.$Proxy8.get(Unknown Source)
	at org.openqa.selenium.support.events.EventFiringWebDriver.get(EventFiringWebDriver.java:161)
	at com.emaua.base.TestBase.initialization(TestBase.java:65)
	at com.emaua.testcases.TeachersPageTest.setUp(TeachersPageTest.java:38)
... Removed 34 stack frames
</div> <!-- stack-trace -->
                </div> <!-- method-content -->
              </div> <!-- method -->
              <div class="method">
                <div class="method-content">
                  <a name="verifyTeachersPageHeading">
                  </a> <!-- verifyTeachersPageHeading -->
                  <span class="method-name">verifyTeachersPageHeading</span>
                  <div class="stack-trace">org.openqa.selenium.TimeoutException: timeout
  (Session info: chrome=66.0.3359.139)
  (Driver info: chromedriver=2.38.551601 (edb21f07fc70e9027c746edd3201443e011a61ed),platform=Windows NT 6.1.7601 SP1 x86_64) (WARNING: The server did not provide any stacktrace information)
Command duration or timeout: 0 milliseconds
Build info: version: &apos;3.11.0&apos;, revision: &apos;e59cfb3&apos;, time: &apos;2018-03-11T20:33:08.638Z&apos;
System info: host: &apos;LENOVO-GOKHAN&apos;, ip: &apos;192.168.0.100&apos;, os.name: &apos;Windows 7&apos;, os.arch: &apos;amd64&apos;, os.version: &apos;6.1&apos;, java.version: &apos;1.8.0_151&apos;
Driver info: org.openqa.selenium.chrome.ChromeDriver
Capabilities {acceptInsecureCerts: false, acceptSslCerts: false, applicationCacheEnabled: false, browserConnectionEnabled: false, browserName: chrome, chrome: {chromedriverVersion: 2.38.551601 (edb21f07fc70e9..., userDataDir: C:\Users\Gokhan\AppData\Loc...}, cssSelectorsEnabled: true, databaseEnabled: false, handlesAlerts: true, hasTouchScreen: false, javascriptEnabled: true, locationContextEnabled: true, mobileEmulationEnabled: false, nativeEvents: true, networkConnectionEnabled: false, pageLoadStrategy: normal, platform: XP, platformName: XP, rotatable: false, setWindowRect: true, takesHeapSnapshot: true, takesScreenshot: true, unexpectedAlertBehaviour: , unhandledPromptBehavior: , version: 66.0.3359.139, webStorageEnabled: true}
Session ID: b62412c81dda148d5c8ace03c7093924
	at org.openqa.selenium.remote.ErrorHandler.createThrowable(ErrorHandler.java:214)
	at org.openqa.selenium.remote.ErrorHandler.throwIfResponseFailed(ErrorHandler.java:166)
	at org.openqa.selenium.remote.http.JsonHttpResponseCodec.reconstructValue(JsonHttpResponseCodec.java:40)
	at org.openqa.selenium.remote.http.AbstractHttpResponseCodec.decode(AbstractHttpResponseCodec.java:80)
	at org.openqa.selenium.remote.http.AbstractHttpResponseCodec.decode(AbstractHttpResponseCodec.java:44)
	at org.openqa.selenium.remote.HttpCommandExecutor.execute(HttpCommandExecutor.java:158)
	at org.openqa.selenium.remote.service.DriverCommandExecutor.execute(DriverCommandExecutor.java:83)
	at org.openqa.selenium.remote.RemoteWebDriver.execute(RemoteWebDriver.java:545)
	at org.openqa.selenium.remote.RemoteWebDriver.get(RemoteWebDriver.java:273)
	at org.openqa.selenium.support.events.EventFiringWebDriver.lambda$new$1(EventFiringWebDriver.java:103)
	at com.sun.proxy.$Proxy8.get(Unknown Source)
	at org.openqa.selenium.support.events.EventFiringWebDriver.get(EventFiringWebDriver.java:161)
	at com.emaua.base.TestBase.initialization(TestBase.java:65)
	at com.emaua.testcases.TeachersPageTest.setUp(TeachersPageTest.java:38)
... Removed 34 stack frames
</div> <!-- stack-trace -->
                </div> <!-- method-content -->
              </div> <!-- method -->
            </div> <!-- main-panel-content rounded-window-bottom -->
          </div> <!-- suite-Emaua_Test_Automation_Test_Suite-class-skipped -->
          <div class="suite-Emaua_Test_Automation_Test_Suite-class-skipped">
            <div class="main-panel-header rounded-window-top">
              <img src="skipped.png"/>
              <span class="class-name">com.emaua.testcases.InstitutionsPageTest</span>
            </div> <!-- main-panel-header rounded-window-top -->
            <div class="main-panel-content rounded-window-bottom">
              <div class="method">
                <div class="method-content">
                  <a name="verifyWarningMessages">
                  </a> <!-- verifyWarningMessages -->
                  <span class="method-name">verifyWarningMessages</span>
                  <div class="stack-trace">org.openqa.selenium.TimeoutException: timeout
  (Session info: chrome=66.0.3359.139)
  (Driver info: chromedriver=2.38.551601 (edb21f07fc70e9027c746edd3201443e011a61ed),platform=Windows NT 6.1.7601 SP1 x86_64) (WARNING: The server did not provide any stacktrace information)
Command duration or timeout: 0 milliseconds
Build info: version: &apos;3.11.0&apos;, revision: &apos;e59cfb3&apos;, time: &apos;2018-03-11T20:33:08.638Z&apos;
System info: host: &apos;LENOVO-GOKHAN&apos;, ip: &apos;192.168.0.100&apos;, os.name: &apos;Windows 7&apos;, os.arch: &apos;amd64&apos;, os.version: &apos;6.1&apos;, java.version: &apos;1.8.0_151&apos;
Driver info: org.openqa.selenium.chrome.ChromeDriver
Capabilities {acceptInsecureCerts: false, acceptSslCerts: false, applicationCacheEnabled: false, browserConnectionEnabled: false, browserName: chrome, chrome: {chromedriverVersion: 2.38.551601 (edb21f07fc70e9..., userDataDir: C:\Users\Gokhan\AppData\Loc...}, cssSelectorsEnabled: true, databaseEnabled: false, handlesAlerts: true, hasTouchScreen: false, javascriptEnabled: true, locationContextEnabled: true, mobileEmulationEnabled: false, nativeEvents: true, networkConnectionEnabled: false, pageLoadStrategy: normal, platform: XP, platformName: XP, rotatable: false, setWindowRect: true, takesHeapSnapshot: true, takesScreenshot: true, unexpectedAlertBehaviour: , unhandledPromptBehavior: , version: 66.0.3359.139, webStorageEnabled: true}
Session ID: a3ba13d26248a1222103027066b2c75e
	at org.openqa.selenium.remote.ErrorHandler.createThrowable(ErrorHandler.java:214)
	at org.openqa.selenium.remote.ErrorHandler.throwIfResponseFailed(ErrorHandler.java:166)
	at org.openqa.selenium.remote.http.JsonHttpResponseCodec.reconstructValue(JsonHttpResponseCodec.java:40)
	at org.openqa.selenium.remote.http.AbstractHttpResponseCodec.decode(AbstractHttpResponseCodec.java:80)
	at org.openqa.selenium.remote.http.AbstractHttpResponseCodec.decode(AbstractHttpResponseCodec.java:44)
	at org.openqa.selenium.remote.HttpCommandExecutor.execute(HttpCommandExecutor.java:158)
	at org.openqa.selenium.remote.service.DriverCommandExecutor.execute(DriverCommandExecutor.java:83)
	at org.openqa.selenium.remote.RemoteWebDriver.execute(RemoteWebDriver.java:545)
	at org.openqa.selenium.remote.RemoteWebDriver.get(RemoteWebDriver.java:273)
	at org.openqa.selenium.support.events.EventFiringWebDriver.lambda$new$1(EventFiringWebDriver.java:103)
	at com.sun.proxy.$Proxy8.get(Unknown Source)
	at org.openqa.selenium.support.events.EventFiringWebDriver.get(EventFiringWebDriver.java:161)
	at com.emaua.base.TestBase.initialization(TestBase.java:65)
	at com.emaua.testcases.InstitutionsPageTest.setUp(InstitutionsPageTest.java:35)
... Removed 33 stack frames
</div> <!-- stack-trace -->
                </div> <!-- method-content -->
              </div> <!-- method -->
              <div class="method">
                <div class="method-content">
                  <a name="verifyWarningMessages">
                  </a> <!-- verifyWarningMessages -->
                  <span class="method-name">verifyWarningMessages</span>
                  <div class="stack-trace">org.openqa.selenium.TimeoutException: timeout
  (Session info: chrome=66.0.3359.139)
  (Driver info: chromedriver=2.38.551601 (edb21f07fc70e9027c746edd3201443e011a61ed),platform=Windows NT 6.1.7601 SP1 x86_64) (WARNING: The server did not provide any stacktrace information)
Command duration or timeout: 0 milliseconds
Build info: version: &apos;3.11.0&apos;, revision: &apos;e59cfb3&apos;, time: &apos;2018-03-11T20:33:08.638Z&apos;
System info: host: &apos;LENOVO-GOKHAN&apos;, ip: &apos;192.168.0.100&apos;, os.name: &apos;Windows 7&apos;, os.arch: &apos;amd64&apos;, os.version: &apos;6.1&apos;, java.version: &apos;1.8.0_151&apos;
Driver info: org.openqa.selenium.chrome.ChromeDriver
Capabilities {acceptInsecureCerts: false, acceptSslCerts: false, applicationCacheEnabled: false, browserConnectionEnabled: false, browserName: chrome, chrome: {chromedriverVersion: 2.38.551601 (edb21f07fc70e9..., userDataDir: C:\Users\Gokhan\AppData\Loc...}, cssSelectorsEnabled: true, databaseEnabled: false, handlesAlerts: true, hasTouchScreen: false, javascriptEnabled: true, locationContextEnabled: true, mobileEmulationEnabled: false, nativeEvents: true, networkConnectionEnabled: false, pageLoadStrategy: normal, platform: XP, platformName: XP, rotatable: false, setWindowRect: true, takesHeapSnapshot: true, takesScreenshot: true, unexpectedAlertBehaviour: , unhandledPromptBehavior: , version: 66.0.3359.139, webStorageEnabled: true}
Session ID: a3ba13d26248a1222103027066b2c75e
	at org.openqa.selenium.remote.ErrorHandler.createThrowable(ErrorHandler.java:214)
	at org.openqa.selenium.remote.ErrorHandler.throwIfResponseFailed(ErrorHandler.java:166)
	at org.openqa.selenium.remote.http.JsonHttpResponseCodec.reconstructValue(JsonHttpResponseCodec.java:40)
	at org.openqa.selenium.remote.http.AbstractHttpResponseCodec.decode(AbstractHttpResponseCodec.java:80)
	at org.openqa.selenium.remote.http.AbstractHttpResponseCodec.decode(AbstractHttpResponseCodec.java:44)
	at org.openqa.selenium.remote.HttpCommandExecutor.execute(HttpCommandExecutor.java:158)
	at org.openqa.selenium.remote.service.DriverCommandExecutor.execute(DriverCommandExecutor.java:83)
	at org.openqa.selenium.remote.RemoteWebDriver.execute(RemoteWebDriver.java:545)
	at org.openqa.selenium.remote.RemoteWebDriver.get(RemoteWebDriver.java:273)
	at org.openqa.selenium.support.events.EventFiringWebDriver.lambda$new$1(EventFiringWebDriver.java:103)
	at com.sun.proxy.$Proxy8.get(Unknown Source)
	at org.openqa.selenium.support.events.EventFiringWebDriver.get(EventFiringWebDriver.java:161)
	at com.emaua.base.TestBase.initialization(TestBase.java:65)
	at com.emaua.testcases.InstitutionsPageTest.setUp(InstitutionsPageTest.java:35)
... Removed 33 stack frames
</div> <!-- stack-trace -->
                </div> <!-- method-content -->
              </div> <!-- method -->
              <div class="method">
                <div class="method-content">
                  <a name="verifyWarningMessages">
                  </a> <!-- verifyWarningMessages -->
                  <span class="method-name">verifyWarningMessages</span>
                  <div class="stack-trace">org.openqa.selenium.TimeoutException: timeout
  (Session info: chrome=66.0.3359.139)
  (Driver info: chromedriver=2.38.551601 (edb21f07fc70e9027c746edd3201443e011a61ed),platform=Windows NT 6.1.7601 SP1 x86_64) (WARNING: The server did not provide any stacktrace information)
Command duration or timeout: 0 milliseconds
Build info: version: &apos;3.11.0&apos;, revision: &apos;e59cfb3&apos;, time: &apos;2018-03-11T20:33:08.638Z&apos;
System info: host: &apos;LENOVO-GOKHAN&apos;, ip: &apos;192.168.0.100&apos;, os.name: &apos;Windows 7&apos;, os.arch: &apos;amd64&apos;, os.version: &apos;6.1&apos;, java.version: &apos;1.8.0_151&apos;
Driver info: org.openqa.selenium.chrome.ChromeDriver
Capabilities {acceptInsecureCerts: false, acceptSslCerts: false, applicationCacheEnabled: false, browserConnectionEnabled: false, browserName: chrome, chrome: {chromedriverVersion: 2.38.551601 (edb21f07fc70e9..., userDataDir: C:\Users\Gokhan\AppData\Loc...}, cssSelectorsEnabled: true, databaseEnabled: false, handlesAlerts: true, hasTouchScreen: false, javascriptEnabled: true, locationContextEnabled: true, mobileEmulationEnabled: false, nativeEvents: true, networkConnectionEnabled: false, pageLoadStrategy: normal, platform: XP, platformName: XP, rotatable: false, setWindowRect: true, takesHeapSnapshot: true, takesScreenshot: true, unexpectedAlertBehaviour: , unhandledPromptBehavior: , version: 66.0.3359.139, webStorageEnabled: true}
Session ID: a3ba13d26248a1222103027066b2c75e
	at org.openqa.selenium.remote.ErrorHandler.createThrowable(ErrorHandler.java:214)
	at org.openqa.selenium.remote.ErrorHandler.throwIfResponseFailed(ErrorHandler.java:166)
	at org.openqa.selenium.remote.http.JsonHttpResponseCodec.reconstructValue(JsonHttpResponseCodec.java:40)
	at org.openqa.selenium.remote.http.AbstractHttpResponseCodec.decode(AbstractHttpResponseCodec.java:80)
	at org.openqa.selenium.remote.http.AbstractHttpResponseCodec.decode(AbstractHttpResponseCodec.java:44)
	at org.openqa.selenium.remote.HttpCommandExecutor.execute(HttpCommandExecutor.java:158)
	at org.openqa.selenium.remote.service.DriverCommandExecutor.execute(DriverCommandExecutor.java:83)
	at org.openqa.selenium.remote.RemoteWebDriver.execute(RemoteWebDriver.java:545)
	at org.openqa.selenium.remote.RemoteWebDriver.get(RemoteWebDriver.java:273)
	at org.openqa.selenium.support.events.EventFiringWebDriver.lambda$new$1(EventFiringWebDriver.java:103)
	at com.sun.proxy.$Proxy8.get(Unknown Source)
	at org.openqa.selenium.support.events.EventFiringWebDriver.get(EventFiringWebDriver.java:161)
	at com.emaua.base.TestBase.initialization(TestBase.java:65)
	at com.emaua.testcases.InstitutionsPageTest.setUp(InstitutionsPageTest.java:35)
... Removed 33 stack frames
</div> <!-- stack-trace -->
                </div> <!-- method-content -->
              </div> <!-- method -->
            </div> <!-- main-panel-content rounded-window-bottom -->
          </div> <!-- suite-Emaua_Test_Automation_Test_Suite-class-skipped -->
          <div class="suite-Emaua_Test_Automation_Test_Suite-class-passed">
            <div class="main-panel-header rounded-window-top">
              <img src="passed.png"/>
              <span class="class-name">com.emaua.testcases.HomePageTest</span>
            </div> <!-- main-panel-header rounded-window-top -->
            <div class="main-panel-content rounded-window-bottom">
              <div class="method">
                <div class="method-content">
                  <a name="verifyInstitutionsPageLink">
                  </a> <!-- verifyInstitutionsPageLink -->
                  <span class="method-name">verifyInstitutionsPageLink</span>
                </div> <!-- method-content -->
              </div> <!-- method -->
              <div class="method">
                <div class="method-content">
                  <a name="verifyLoginPageLink">
                  </a> <!-- verifyLoginPageLink -->
                  <span class="method-name">verifyLoginPageLink</span>
                </div> <!-- method-content -->
              </div> <!-- method -->
              <div class="method">
                <div class="method-content">
                  <a name="verifyTeachersPageLink">
                  </a> <!-- verifyTeachersPageLink -->
                  <span class="method-name">verifyTeachersPageLink</span>
                </div> <!-- method-content -->
              </div> <!-- method -->
            </div> <!-- main-panel-content rounded-window-bottom -->
          </div> <!-- suite-Emaua_Test_Automation_Test_Suite-class-passed -->
          <div class="suite-Emaua_Test_Automation_Test_Suite-class-passed">
            <div class="main-panel-header rounded-window-top">
              <img src="passed.png"/>
              <span class="class-name">com.emaua.testcases.ContactUsPageTest</span>
            </div> <!-- main-panel-header rounded-window-top -->
            <div class="main-panel-content rounded-window-bottom">
              <div class="method">
                <div class="method-content">
                  <a name="emauaLogoTest">
                  </a> <!-- emauaLogoTest -->
                  <span class="method-name">emauaLogoTest</span>
                </div> <!-- method-content -->
              </div> <!-- method -->
              <div class="method">
                <div class="method-content">
                  <a name="verifyBrokenLinks">
                  </a> <!-- verifyBrokenLinks -->
                  <span class="method-name">verifyBrokenLinks</span>
                </div> <!-- method-content -->
              </div> <!-- method -->
            </div> <!-- main-panel-content rounded-window-bottom -->
          </div> <!-- suite-Emaua_Test_Automation_Test_Suite-class-passed -->
          <div class="suite-Emaua_Test_Automation_Test_Suite-class-passed">
            <div class="main-panel-header rounded-window-top">
              <img src="passed.png"/>
              <span class="class-name">com.emaua.testcases.AboutPageTest</span>
            </div> <!-- main-panel-header rounded-window-top -->
            <div class="main-panel-content rounded-window-bottom">
              <div class="method">
                <div class="method-content">
                  <a name="aboutPageTitleTest">
                  </a> <!-- aboutPageTitleTest -->
                  <span class="method-name">aboutPageTitleTest</span>
                </div> <!-- method-content -->
              </div> <!-- method -->
              <div class="method">
                <div class="method-content">
                  <a name="emauaLogoTest">
                  </a> <!-- emauaLogoTest -->
                  <span class="method-name">emauaLogoTest</span>
                </div> <!-- method-content -->
              </div> <!-- method -->
              <div class="method">
                <div class="method-content">
                  <a name="verifyAboutUsPageHeaderTest">
                  </a> <!-- verifyAboutUsPageHeaderTest -->
                  <span class="method-name">verifyAboutUsPageHeaderTest</span>
                </div> <!-- method-content -->
              </div> <!-- method -->
              <div class="method">
                <div class="method-content">
                  <a name="verifyBreadCrumb">
                  </a> <!-- verifyBreadCrumb -->
                  <span class="method-name">verifyBreadCrumb</span>
                </div> <!-- method-content -->
              </div> <!-- method -->
            </div> <!-- main-panel-content rounded-window-bottom -->
          </div> <!-- suite-Emaua_Test_Automation_Test_Suite-class-passed -->
          <div class="suite-Emaua_Test_Automation_Test_Suite-class-passed">
            <div class="main-panel-header rounded-window-top">
              <img src="passed.png"/>
              <span class="class-name">com.emaua.testcases.TeachersPageTest</span>
            </div> <!-- main-panel-header rounded-window-top -->
            <div class="main-panel-content rounded-window-bottom">
              <div class="method">
                <div class="method-content">
                  <a name="verifyCancelDeleteInstitutionTest">
                  </a> <!-- verifyCancelDeleteInstitutionTest -->
                  <span class="method-name">verifyCancelDeleteInstitutionTest</span>
                </div> <!-- method-content -->
              </div> <!-- method -->
            </div> <!-- main-panel-content rounded-window-bottom -->
          </div> <!-- suite-Emaua_Test_Automation_Test_Suite-class-passed -->
          <div class="suite-Emaua_Test_Automation_Test_Suite-class-passed">
            <div class="main-panel-header rounded-window-top">
              <img src="passed.png"/>
              <span class="class-name">com.emaua.testcases.LoginPageTest</span>
            </div> <!-- main-panel-header rounded-window-top -->
            <div class="main-panel-content rounded-window-bottom">
              <div class="method">
                <div class="method-content">
                  <a name="loginTest">
                  </a> <!-- loginTest -->
                  <span class="method-name">loginTest</span>
                </div> <!-- method-content -->
              </div> <!-- method -->
            </div> <!-- main-panel-content rounded-window-bottom -->
          </div> <!-- suite-Emaua_Test_Automation_Test_Suite-class-passed -->
          <div class="suite-Emaua_Test_Automation_Test_Suite-class-passed">
            <div class="main-panel-header rounded-window-top">
              <img src="passed.png"/>
              <span class="class-name">com.emaua.testcases.InstitutionsPageTest</span>
            </div> <!-- main-panel-header rounded-window-top -->
            <div class="main-panel-content rounded-window-bottom">
              <div class="method">
                <div class="method-content">
                  <a name="verifyAddInstitution(name, description data provider, C:\BusinessCard.GIF, test)">
                  </a> <!-- verifyAddInstitution(name, description data provider, C:\BusinessCard.GIF, test) -->
                  <span class="method-name">verifyAddInstitution</span>
                  <span class="parameters">(name, description data provider, C:\BusinessCard.GIF, test)</span>
                </div> <!-- method-content -->
              </div> <!-- method -->
              <div class="method">
                <div class="method-content">
                  <a name="verifyAddInstitutionModalTitle">
                  </a> <!-- verifyAddInstitutionModalTitle -->
                  <span class="method-name">verifyAddInstitutionModalTitle</span>
                </div> <!-- method-content -->
              </div> <!-- method -->
              <div class="method">
                <div class="method-content">
                  <a name="verifyBreadCrumb">
                  </a> <!-- verifyBreadCrumb -->
                  <span class="method-name">verifyBreadCrumb</span>
                </div> <!-- method-content -->
              </div> <!-- method -->
              <div class="method">
                <div class="method-content">
                  <a name="verifyCancelDeleteInstitutionTest">
                  </a> <!-- verifyCancelDeleteInstitutionTest -->
                  <span class="method-name">verifyCancelDeleteInstitutionTest</span>
                </div> <!-- method-content -->
              </div> <!-- method -->
              <div class="method">
                <div class="method-content">
                  <a name="verifyDeleteInstitutionTest">
                  </a> <!-- verifyDeleteInstitutionTest -->
                  <span class="method-name">verifyDeleteInstitutionTest</span>
                </div> <!-- method-content -->
              </div> <!-- method -->
              <div class="method">
                <div class="method-content">
                  <a name="verifyEditInstitutionTest">
                  </a> <!-- verifyEditInstitutionTest -->
                  <span class="method-name">verifyEditInstitutionTest</span>
                </div> <!-- method-content -->
              </div> <!-- method -->
              <div class="method">
                <div class="method-content">
                  <a name="verifyInstitutionsPageHeaderTest">
                  </a> <!-- verifyInstitutionsPageHeaderTest -->
                  <span class="method-name">verifyInstitutionsPageHeaderTest</span>
                </div> <!-- method-content -->
              </div> <!-- method -->
              <div class="method">
                <div class="method-content">
                  <a name="verifyInstitutionsPageTitleTest">
                  </a> <!-- verifyInstitutionsPageTitleTest -->
                  <span class="method-name">verifyInstitutionsPageTitleTest</span>
                </div> <!-- method-content -->
              </div> <!-- method -->
              <div class="method">
                <div class="method-content">
                  <a name="verifyMandatoryNameField">
                  </a> <!-- verifyMandatoryNameField -->
                  <span class="method-name">verifyMandatoryNameField</span>
                </div> <!-- method-content -->
              </div> <!-- method -->
              <div class="method">
                <div class="method-content">
                  <a name="verifyPagination">
                  </a> <!-- verifyPagination -->
                  <span class="method-name">verifyPagination</span>
                </div> <!-- method-content -->
              </div> <!-- method -->
              <div class="method">
                <div class="method-content">
                  <a name="verifySaveButtonDisabled">
                  </a> <!-- verifySaveButtonDisabled -->
                  <span class="method-name">verifySaveButtonDisabled</span>
                </div> <!-- method-content -->
              </div> <!-- method -->
              <div class="method">
                <div class="method-content">
                  <a name="verifyWarningMessages(, description data provider, C:\BusinessCard.GIF, Institution name is required.)">
                  </a> <!-- verifyWarningMessages(, description data provider, C:\BusinessCard.GIF, Institution name is required.) -->
                  <span class="method-name">verifyWarningMessages</span>
                  <span class="parameters">(, description data provider, C:\BusinessCard.GIF, Institution name is required.)</span>
                </div> <!-- method-content -->
              </div> <!-- method -->
              <div class="method">
                <div class="method-content">
                  <a name="verifyWarningMessages(k, description data provider, C:\BusinessCard.GIF, Institution name is too short.)">
                  </a> <!-- verifyWarningMessages(k, description data provider, C:\BusinessCard.GIF, Institution name is too short.) -->
                  <span class="method-name">verifyWarningMessages</span>
                  <span class="parameters">(k, description data provider, C:\BusinessCard.GIF, Institution name is too short.)</span>
                </div> <!-- method-content -->
              </div> <!-- method -->
              <div class="method">
                <div class="method-content">
                  <a name="verifyWarningMessages(aaaaaaaaaaaaaaaaaaaaaaaaaaaaaaaaaaaaaaaaaaaaaaaaaaaaaaaaaaaaaaaaaaaaaaaaaaaaaaaaaaaaaaaaaaaaaaaaaaaa...)">
                  </a> <!-- verifyWarningMessages(aaaaaaaaaaaaaaaaaaaaaaaaaaaaaaaaaaaaaaaaaaaaaaaaaaaaaaaaaaaaaaaaaaaaaaaaaaaaaaaaaaaaaaaaaaaaaaaaaaaa...) -->
                  <span class="method-name">verifyWarningMessages</span>
                  <span class="parameters">(aaaaaaaaaaaaaaaaaaaaaaaaaaaaaaaaaaaaaaaaaaaaaaaaaaaaaaaaaaaaaaaaaaaaaaaaaaaaaaaaaaaaaaaaaaaaaaaaaaaaa, description data provider, C:\BusinessCard.GIF, Institution name is too long.)</span>
                </div> <!-- method-content -->
              </div> <!-- method -->
            </div> <!-- main-panel-content rounded-window-bottom -->
          </div> <!-- suite-Emaua_Test_Automation_Test_Suite-class-passed -->
          <div class="suite-Emaua_Test_Automation_Test_Suite-class-passed">
            <div class="main-panel-header rounded-window-top">
              <img src="passed.png"/>
              <span class="class-name">com.emaua.testcases.CoursesPageTest</span>
            </div> <!-- main-panel-header rounded-window-top -->
            <div class="main-panel-content rounded-window-bottom">
              <div class="method">
                <div class="method-content">
                  <a name="verifyBrokenLinks">
                  </a> <!-- verifyBrokenLinks -->
                  <span class="method-name">verifyBrokenLinks</span>
                </div> <!-- method-content -->
              </div> <!-- method -->
            </div> <!-- main-panel-content rounded-window-bottom -->
          </div> <!-- suite-Emaua_Test_Automation_Test_Suite-class-passed -->
        </div> <!-- panel Emaua_Test_Automation_Test_Suite -->
        <div panel-name="test-xml-Emaua_Test_Automation_Test_Suite" class="panel">
          <div class="main-panel-header rounded-window-top">
            <span class="header-content">C:\Users\Gokhan\git\emaua-Test-Automation\emaua\src\main\resources\testng.xml</span>
          </div> <!-- main-panel-header rounded-window-top -->
          <div class="main-panel-content rounded-window-bottom">
            <pre>
&lt;?xml version=&quot;1.0&quot; encoding=&quot;UTF-8&quot;?&gt;
&lt;!DOCTYPE suite SYSTEM &quot;http://testng.org/testng-1.0.dtd&quot;&gt;
&lt;suite guice-stage=&quot;DEVELOPMENT&quot; name=&quot;Emaua Test Automation Test Suite&quot;&gt;
  &lt;listeners&gt;
    &lt;listener class-name=&quot;com.emaua.ExtentReportListener.ExtentReporterNG&quot;/&gt;
  &lt;/listeners&gt;
  &lt;test name=&quot;Emaua Functional Test Cases&quot;&gt;
    &lt;classes&gt;
      &lt;class name=&quot;com.emaua.testcases.AboutPageTest&quot;/&gt;
      &lt;class name=&quot;com.emaua.testcases.ContactUsPageTest&quot;/&gt;
      &lt;class name=&quot;com.emaua.testcases.CoursesPageTest&quot;/&gt;
      &lt;class name=&quot;com.emaua.testcases.HomePageTest&quot;/&gt;
      &lt;class name=&quot;com.emaua.testcases.InstitutionsPageTest&quot;/&gt;
      &lt;class name=&quot;com.emaua.testcases.LessonsPageTest&quot;/&gt;
      &lt;class name=&quot;com.emaua.testcases.LoginPageTest&quot;/&gt;
      &lt;class name=&quot;com.emaua.testcases.RegistrationPageTest&quot;/&gt;
      &lt;class name=&quot;com.emaua.testcases.SubjectsPageTest&quot;/&gt;
      &lt;class name=&quot;com.emaua.testcases.SyllabusPageTest&quot;/&gt;
      &lt;class name=&quot;com.emaua.testcases.TeachersPageTest&quot;/&gt;
      &lt;class name=&quot;com.emaua.testcases.TopicsPageTest&quot;/&gt;
    &lt;/classes&gt;
  &lt;/test&gt; &lt;!-- Emaua Functional Test Cases --&gt;
&lt;/suite&gt; &lt;!-- Emaua Test Automation Test Suite --&gt;
            </pre>
          </div> <!-- main-panel-content rounded-window-bottom -->
        </div> <!-- panel -->
        <div panel-name="testlist-Emaua_Test_Automation_Test_Suite" class="panel">
          <div class="main-panel-header rounded-window-top">
            <span class="header-content">Tests for Emaua Test Automation Test Suite</span>
          </div> <!-- main-panel-header rounded-window-top -->
          <div class="main-panel-content rounded-window-bottom">
            <ul>
              <li>
                <span class="test-name">Emaua Functional Test Cases (12 classes)</span>
              </li>
            </ul>
          </div> <!-- main-panel-content rounded-window-bottom -->
        </div> <!-- panel -->
        <div panel-name="group-Emaua_Test_Automation_Test_Suite" class="panel">
          <div class="main-panel-header rounded-window-top">
            <span class="header-content">Groups for Emaua Test Automation Test Suite</span>
          </div> <!-- main-panel-header rounded-window-top -->
          <div class="main-panel-content rounded-window-bottom">
          </div> <!-- main-panel-content rounded-window-bottom -->
        </div> <!-- panel -->
        <div panel-name="times-Emaua_Test_Automation_Test_Suite" class="panel">
          <div class="main-panel-header rounded-window-top">
            <span class="header-content">Times for Emaua Test Automation Test Suite</span>
          </div> <!-- main-panel-header rounded-window-top -->
          <div class="main-panel-content rounded-window-bottom">
            <div class="times-div">
              <script type="text/javascript">
suiteTableInitFunctions.push('tableData_Emaua_Test_Automation_Test_Suite');
function tableData_Emaua_Test_Automation_Test_Suite() {
var data = new google.visualization.DataTable();
data.addColumn('number', 'Number');
data.addColumn('string', 'Method');
data.addColumn('string', 'Class');
data.addColumn('number', 'Time (ms)');
data.addRows(54);
data.setCell(0, 0, 0)
data.setCell(0, 1, 'verifyBrokenLinks')
data.setCell(0, 2, 'com.emaua.testcases.CoursesPageTest')
data.setCell(0, 3, 52861);
data.setCell(1, 0, 1)
data.setCell(1, 1, 'verifyBrokenLinks')
data.setCell(1, 2, 'com.emaua.testcases.ContactUsPageTest')
data.setCell(1, 3, 51317);
data.setCell(2, 0, 2)
data.setCell(2, 1, 'verifyBrokenLinks')
data.setCell(2, 2, 'com.emaua.testcases.InstitutionsPageTest')
data.setCell(2, 3, 13512);
data.setCell(3, 0, 3)
data.setCell(3, 1, 'verifyBrokenLinks')
data.setCell(3, 2, 'com.emaua.testcases.TeachersPageTest')
data.setCell(3, 3, 12501);
data.setCell(4, 0, 4)
data.setCell(4, 1, 'verifyWarningMessages')
data.setCell(4, 2, 'com.emaua.testcases.InstitutionsPageTest')
data.setCell(4, 3, 7599);
data.setCell(5, 0, 5)
data.setCell(5, 1, 'verifyBrokenLinks')
data.setCell(5, 2, 'com.emaua.testcases.AboutPageTest')
data.setCell(5, 3, 6194);
data.setCell(6, 0, 6)
data.setCell(6, 1, 'verifyWarningMessages')
data.setCell(6, 2, 'com.emaua.testcases.InstitutionsPageTest')
data.setCell(6, 3, 5711);
data.setCell(7, 0, 7)
data.setCell(7, 1, 'verifyWarningMessages')
data.setCell(7, 2, 'com.emaua.testcases.InstitutionsPageTest')
data.setCell(7, 3, 5367);
data.setCell(8, 0, 8)
data.setCell(8, 1, 'verifyAddInstitution')
data.setCell(8, 2, 'com.emaua.testcases.InstitutionsPageTest')
data.setCell(8, 3, 5232);
data.setCell(9, 0, 9)
data.setCell(9, 1, 'verifyEditInstitutionTest')
data.setCell(9, 2, 'com.emaua.testcases.InstitutionsPageTest')
data.setCell(9, 3, 5139);
data.setCell(10, 0, 10)
data.setCell(10, 1, 'verifyWarningMessages')
data.setCell(10, 2, 'com.emaua.testcases.InstitutionsPageTest')
data.setCell(10, 3, 4843);
data.setCell(11, 0, 11)
data.setCell(11, 1, 'verifyWarningMessages')
data.setCell(11, 2, 'com.emaua.testcases.InstitutionsPageTest')
data.setCell(11, 3, 4824);
data.setCell(12, 0, 12)
data.setCell(12, 1, 'verifyAddInstitutionModalTitle')
data.setCell(12, 2, 'com.emaua.testcases.InstitutionsPageTest')
data.setCell(12, 3, 4312);
data.setCell(13, 0, 13)
data.setCell(13, 1, 'verifySaveButtonDisabled')
data.setCell(13, 2, 'com.emaua.testcases.InstitutionsPageTest')
data.setCell(13, 3, 4159);
data.setCell(14, 0, 14)
data.setCell(14, 1, 'verifyContactUsPageHeaderTest')
data.setCell(14, 2, 'com.emaua.testcases.ContactUsPageTest')
data.setCell(14, 3, 1291);
data.setCell(15, 0, 15)
data.setCell(15, 1, 'verifyLoginPageLink')
data.setCell(15, 2, 'com.emaua.testcases.HomePageTest')
data.setCell(15, 3, 837);
data.setCell(16, 0, 16)
data.setCell(16, 1, 'verifyAboutUsPageHeaderTest')
data.setCell(16, 2, 'com.emaua.testcases.CoursesPageTest')
data.setCell(16, 3, 837);
data.setCell(17, 0, 17)
data.setCell(17, 1, 'verifyPagination')
data.setCell(17, 2, 'com.emaua.testcases.InstitutionsPageTest')
data.setCell(17, 3, 729);
data.setCell(18, 0, 18)
data.setCell(18, 1, 'verifyDeleteInstitutionTest')
data.setCell(18, 2, 'com.emaua.testcases.InstitutionsPageTest')
data.setCell(18, 3, 658);
data.setCell(19, 0, 19)
data.setCell(19, 1, 'verifyTeachersPageLink')
data.setCell(19, 2, 'com.emaua.testcases.HomePageTest')
data.setCell(19, 3, 603);
data.setCell(20, 0, 20)
data.setCell(20, 1, 'verifyMandatoryNameField')
data.setCell(20, 2, 'com.emaua.testcases.InstitutionsPageTest')
data.setCell(20, 3, 570);
data.setCell(21, 0, 21)
data.setCell(21, 1, 'verifyInstitutionDetailsPopUpPageCheckCoursesButton')
data.setCell(21, 2, 'com.emaua.testcases.InstitutionsPageTest')
data.setCell(21, 3, 530);
data.setCell(22, 0, 22)
data.setCell(22, 1, 'verifyInstitutionsPageLink')
data.setCell(22, 2, 'com.emaua.testcases.HomePageTest')
data.setCell(22, 3, 503);
data.setCell(23, 0, 23)
data.setCell(23, 1, 'loginTest')
data.setCell(23, 2, 'com.emaua.testcases.LoginPageTest')
data.setCell(23, 3, 467);
data.setCell(24, 0, 24)
data.setCell(24, 1, 'verifyCancelDeleteInstitutionTest')
data.setCell(24, 2, 'com.emaua.testcases.InstitutionsPageTest')
data.setCell(24, 3, 408);
data.setCell(25, 0, 25)
data.setCell(25, 1, 'verifyCancelDeleteInstitutionTest')
data.setCell(25, 2, 'com.emaua.testcases.TeachersPageTest')
data.setCell(25, 3, 355);
data.setCell(26, 0, 26)
data.setCell(26, 1, 'verifyAddTeacher')
data.setCell(26, 2, 'com.emaua.testcases.TeachersPageTest')
data.setCell(26, 3, 351);
data.setCell(27, 0, 27)
data.setCell(27, 1, 'verifyAddTeacherModalTitle')
data.setCell(27, 2, 'com.emaua.testcases.TeachersPageTest')
data.setCell(27, 3, 340);
data.setCell(28, 0, 28)
data.setCell(28, 1, 'verifyBreadCrumb')
data.setCell(28, 2, 'com.emaua.testcases.AboutPageTest')
data.setCell(28, 3, 314);
data.setCell(29, 0, 29)
data.setCell(29, 1, 'verifyBreadCrumb')
data.setCell(29, 2, 'com.emaua.testcases.InstitutionsPageTest')
data.setCell(29, 3, 311);
data.setCell(30, 0, 30)
data.setCell(30, 1, 'verifyBreadCrumb')
data.setCell(30, 2, 'com.emaua.testcases.TeachersPageTest')
data.setCell(30, 3, 273);
data.setCell(31, 0, 31)
data.setCell(31, 1, 'emauaLogoTest')
data.setCell(31, 2, 'com.emaua.testcases.AboutPageTest')
data.setCell(31, 3, 238);
data.setCell(32, 0, 32)
data.setCell(32, 1, 'verifyInstitutionDetailsPopUpPageDisplayed')
data.setCell(32, 2, 'com.emaua.testcases.InstitutionsPageTest')
data.setCell(32, 3, 187);
data.setCell(33, 0, 33)
data.setCell(33, 1, 'verifyBreadCrumb')
data.setCell(33, 2, 'com.emaua.testcases.ContactUsPageTest')
data.setCell(33, 3, 151);
data.setCell(34, 0, 34)
data.setCell(34, 1, 'emauaLogoTest')
data.setCell(34, 2, 'com.emaua.testcases.ContactUsPageTest')
data.setCell(34, 3, 90);
data.setCell(35, 0, 35)
data.setCell(35, 1, 'verifyBreadCrumb')
data.setCell(35, 2, 'com.emaua.testcases.CoursesPageTest')
data.setCell(35, 3, 88);
data.setCell(36, 0, 36)
data.setCell(36, 1, 'aboutPageTitleTest')
data.setCell(36, 2, 'com.emaua.testcases.AboutPageTest')
data.setCell(36, 3, 59);
data.setCell(37, 0, 37)
data.setCell(37, 1, 'verifyAboutUsPageHeaderTest')
data.setCell(37, 2, 'com.emaua.testcases.AboutPageTest')
data.setCell(37, 3, 47);
data.setCell(38, 0, 38)
data.setCell(38, 1, 'verifyInstitutionsPageHeaderTest')
data.setCell(38, 2, 'com.emaua.testcases.InstitutionsPageTest')
data.setCell(38, 3, 43);
data.setCell(39, 0, 39)
data.setCell(39, 1, 'verifyInstitutionsPageTitleTest')
data.setCell(39, 2, 'com.emaua.testcases.InstitutionsPageTest')
data.setCell(39, 3, 18);
data.setCell(40, 0, 40)
data.setCell(40, 1, 'contactUsPageTitleTest')
data.setCell(40, 2, 'com.emaua.testcases.ContactUsPageTest')
data.setCell(40, 3, 14);
data.setCell(41, 0, 41)
data.setCell(41, 1, 'verifyDeleteInstitutionTest')
data.setCell(41, 2, 'com.emaua.testcases.TeachersPageTest')
data.setCell(41, 3, 2);
data.setCell(42, 0, 42)
data.setCell(42, 1, 'verifyWarningMessages')
data.setCell(42, 2, 'com.emaua.testcases.InstitutionsPageTest')
data.setCell(42, 3, 0);
data.setCell(43, 0, 43)
data.setCell(43, 1, 'verifyTeachersPageHeading')
data.setCell(43, 2, 'com.emaua.testcases.TeachersPageTest')
data.setCell(43, 3, 0);
data.setCell(44, 0, 44)
data.setCell(44, 1, 'verifyWarningMessages')
data.setCell(44, 2, 'com.emaua.testcases.InstitutionsPageTest')
data.setCell(44, 3, 0);
data.setCell(45, 0, 45)
data.setCell(45, 1, 'verifyAddTeacher')
data.setCell(45, 2, 'com.emaua.testcases.TeachersPageTest')
data.setCell(45, 3, 0);
data.setCell(46, 0, 46)
data.setCell(46, 1, 'verifyInstitutionDetailsPopUpPageCheckCoursesButton')
data.setCell(46, 2, 'com.emaua.testcases.TeachersPageTest')
data.setCell(46, 3, 0);
data.setCell(47, 0, 47)
data.setCell(47, 1, 'verifyInstitutionDetailsPopUpPageDisplayed')
data.setCell(47, 2, 'com.emaua.testcases.TeachersPageTest')
data.setCell(47, 3, 0);
data.setCell(48, 0, 48)
data.setCell(48, 1, 'verifyMandatoryNameField')
data.setCell(48, 2, 'com.emaua.testcases.TeachersPageTest')
data.setCell(48, 3, 0);
data.setCell(49, 0, 49)
data.setCell(49, 1, 'verifySaveButtonDisabled')
data.setCell(49, 2, 'com.emaua.testcases.TeachersPageTest')
data.setCell(49, 3, 0);
data.setCell(50, 0, 50)
data.setCell(50, 1, 'verifyPagination')
data.setCell(50, 2, 'com.emaua.testcases.TeachersPageTest')
data.setCell(50, 3, 0);
data.setCell(51, 0, 51)
data.setCell(51, 1, 'verifyAddTeacherButtonTest')
data.setCell(51, 2, 'com.emaua.testcases.TeachersPageTest')
data.setCell(51, 3, 0);
data.setCell(52, 0, 52)
data.setCell(52, 1, 'verifyEditInstitutionTest')
data.setCell(52, 2, 'com.emaua.testcases.TeachersPageTest')
data.setCell(52, 3, 0);
data.setCell(53, 0, 53)
data.setCell(53, 1, 'verifyWarningMessages')
data.setCell(53, 2, 'com.emaua.testcases.InstitutionsPageTest')
data.setCell(53, 3, 0);
window.suiteTableData['Emaua_Test_Automation_Test_Suite']= { tableData: data, tableDiv: 'times-div-Emaua_Test_Automation_Test_Suite'}
return data;
}
              </script>
              <span class="suite-total-time">Total running time: 3 minutes</span>
              <div id="times-div-Emaua_Test_Automation_Test_Suite">
              </div> <!-- times-div-Emaua_Test_Automation_Test_Suite -->
            </div> <!-- times-div -->
          </div> <!-- main-panel-content rounded-window-bottom -->
        </div> <!-- panel -->
        <div panel-name="reporter-Emaua_Test_Automation_Test_Suite" class="panel">
          <div class="main-panel-header rounded-window-top">
            <span class="header-content">Reporter output for Emaua Test Automation Test Suite</span>
          </div> <!-- main-panel-header rounded-window-top -->
          <div class="main-panel-content rounded-window-bottom">
          </div> <!-- main-panel-content rounded-window-bottom -->
        </div> <!-- panel -->
        <div panel-name="ignored-methods-Emaua_Test_Automation_Test_Suite" class="panel">
          <div class="main-panel-header rounded-window-top">
            <span class="header-content">18 ignored methods</span>
          </div> <!-- main-panel-header rounded-window-top -->
          <div class="main-panel-content rounded-window-bottom">
            <div class="ignored-class-div">
              <span class="ignored-class-name">com.emaua.testcases.HomePageTest</span>
              <div class="ignored-methods-div">
                <span class="ignored-method-name">verifyHomePageTitleTest</span>
                <br/>
              </div> <!-- ignored-methods-div -->
            </div> <!-- ignored-class-div -->
            <div class="ignored-class-div">
              <span class="ignored-class-name">com.emaua.testcases.LessonsPageTest</span>
              <div class="ignored-methods-div">
                <span class="ignored-method-name">loginPageTitleTest</span>
                <br/>
                <span class="ignored-method-name">emauaLogoTest</span>
                <br/>
              </div> <!-- ignored-methods-div -->
            </div> <!-- ignored-class-div -->
            <div class="ignored-class-div">
              <span class="ignored-class-name">com.emaua.testcases.SubjectsPageTest</span>
              <div class="ignored-methods-div">
                <span class="ignored-method-name">loginPageTitleTest</span>
                <br/>
                <span class="ignored-method-name">emauaLogoTest</span>
                <br/>
              </div> <!-- ignored-methods-div -->
            </div> <!-- ignored-class-div -->
            <div class="ignored-class-div">
              <span class="ignored-class-name">com.emaua.testcases.TeachersPageTest</span>
              <div class="ignored-methods-div">
                <span class="ignored-method-name">teachersPageTitleTest</span>
                <br/>
                <span class="ignored-method-name">clickOnCheckCoursesButton</span>
                <br/>
              </div> <!-- ignored-methods-div -->
            </div> <!-- ignored-class-div -->
            <div class="ignored-class-div">
              <span class="ignored-class-name">com.emaua.testcases.LoginPageTest</span>
              <div class="ignored-methods-div">
                <span class="ignored-method-name">loginPageTitleTest</span>
                <br/>
                <span class="ignored-method-name">validateInvalidLinks</span>
                <br/>
                <span class="ignored-method-name">emauaLogoTest</span>
                <br/>
              </div> <!-- ignored-methods-div -->
            </div> <!-- ignored-class-div -->
            <div class="ignored-class-div">
              <span class="ignored-class-name">com.emaua.testcases.RegistrationPageTest</span>
              <div class="ignored-methods-div">
                <span class="ignored-method-name">emauaLogoTest</span>
                <br/>
                <span class="ignored-method-name">loginPageTitleTest</span>
                <br/>
              </div> <!-- ignored-methods-div -->
            </div> <!-- ignored-class-div -->
            <div class="ignored-class-div">
              <span class="ignored-class-name">com.emaua.testcases.SyllabusPageTest</span>
              <div class="ignored-methods-div">
                <span class="ignored-method-name">emauaLogoTest</span>
                <br/>
                <span class="ignored-method-name">loginPageTitleTest</span>
                <br/>
              </div> <!-- ignored-methods-div -->
            </div> <!-- ignored-class-div -->
            <div class="ignored-class-div">
              <span class="ignored-class-name">com.emaua.testcases.CoursesPageTest</span>
              <div class="ignored-methods-div">
                <span class="ignored-method-name">loginPageTitleTest</span>
                <br/>
                <span class="ignored-method-name">emauaLogoTest</span>
                <br/>
              </div> <!-- ignored-methods-div -->
            </div> <!-- ignored-class-div -->
            <div class="ignored-class-div">
              <span class="ignored-class-name">com.emaua.testcases.TopicsPageTest</span>
              <div class="ignored-methods-div">
                <span class="ignored-method-name">emauaLogoTest</span>
                <br/>
                <span class="ignored-method-name">loginPageTitleTest</span>
                <br/>
              </div> <!-- ignored-methods-div -->
            </div> <!-- ignored-class-div -->
          </div> <!-- main-panel-content rounded-window-bottom -->
        </div> <!-- panel -->
        <div panel-name="chronological-Emaua_Test_Automation_Test_Suite" class="panel">
          <div class="main-panel-header rounded-window-top">
            <span class="header-content">Methods in chronological order</span>
          </div> <!-- main-panel-header rounded-window-top -->
          <div class="main-panel-content rounded-window-bottom">
            <div class="chronological-class">
              <div class="chronological-class-name">com.emaua.testcases.InstitutionsPageTest</div> <!-- chronological-class-name -->
              <div class="configuration-method before">
                <span class="method-name">setUp</span>
                <span class="method-start">0 ms</span>
              </div> <!-- configuration-method before -->
              <div class="test-method">
                <span class="method-name">verifyAddInstitutionModalTitle</span>
                <span class="method-start">48818 ms</span>
              </div> <!-- test-method -->
              <div class="configuration-method after">
                <span class="method-name">tearDown</span>
                <span class="method-start">53132 ms</span>
              </div> <!-- configuration-method after -->
              <div class="configuration-method before">
                <span class="method-name">setUp</span>
                <span class="method-start">53944 ms</span>
              </div> <!-- configuration-method before -->
              <div class="test-method">
                <span class="method-name">verifyBreadCrumb</span>
                <span class="method-start">100698 ms</span>
              </div> <!-- test-method -->
              <div class="configuration-method after">
                <span class="method-name">tearDown</span>
                <span class="method-start">101010 ms</span>
              </div> <!-- configuration-method after -->
              <div class="configuration-method before">
                <span class="method-name">setUp</span>
                <span class="method-start">101842 ms</span>
              </div> <!-- configuration-method before -->
              <div class="test-method">
                <img src="failed.png">
                </img>
                <span class="method-name">verifyBrokenLinks</span>
                <span class="method-start">160829 ms</span>
              </div> <!-- test-method -->
              <div class="configuration-method after">
                <span class="method-name">tearDown</span>
                <span class="method-start">174347 ms</span>
              </div> <!-- configuration-method after -->
              <div class="configuration-method before">
                <span class="method-name">setUp</span>
                <span class="method-start">175038 ms</span>
              </div> <!-- configuration-method before -->
              <div class="test-method">
                <span class="method-name">verifyCancelDeleteInstitutionTest</span>
                <span class="method-start">215410 ms</span>
              </div> <!-- test-method -->
              <div class="configuration-method after">
                <span class="method-name">tearDown</span>
                <span class="method-start">215819 ms</span>
              </div> <!-- configuration-method after -->
              <div class="configuration-method before">
                <span class="method-name">setUp</span>
                <span class="method-start">216491 ms</span>
              </div> <!-- configuration-method before -->
              <div class="test-method">
                <span class="method-name">verifyDeleteInstitutionTest</span>
                <span class="method-start">260665 ms</span>
              </div> <!-- test-method -->
              <div class="configuration-method after">
                <span class="method-name">tearDown</span>
                <span class="method-start">261325 ms</span>
              </div> <!-- configuration-method after -->
              <div class="configuration-method before">
                <span class="method-name">setUp</span>
                <span class="method-start">262139 ms</span>
              </div> <!-- configuration-method before -->
              <div class="test-method">
                <span class="method-name">verifyEditInstitutionTest</span>
                <span class="method-start">302477 ms</span>
              </div> <!-- test-method -->
              <div class="configuration-method after">
                <span class="method-name">tearDown</span>
                <span class="method-start">307618 ms</span>
              </div> <!-- configuration-method after -->
              <div class="configuration-method before">
                <span class="method-name">setUp</span>
                <span class="method-start">308522 ms</span>
              </div> <!-- configuration-method before -->
              <div class="test-method">
                <img src="failed.png">
                </img>
                <span class="method-name">verifyInstitutionDetailsPopUpPageCheckCoursesButton</span>
                <span class="method-start">355620 ms</span>
              </div> <!-- test-method -->
              <div class="configuration-method after">
                <span class="method-name">tearDown</span>
                <span class="method-start">356152 ms</span>
              </div> <!-- configuration-method after -->
              <div class="configuration-method before">
                <span class="method-name">setUp</span>
                <span class="method-start">356872 ms</span>
              </div> <!-- configuration-method before -->
              <div class="test-method">
                <img src="failed.png">
                </img>
                <span class="method-name">verifyInstitutionDetailsPopUpPageDisplayed</span>
                <span class="method-start">400095 ms</span>
              </div> <!-- test-method -->
              <div class="configuration-method after">
                <span class="method-name">tearDown</span>
                <span class="method-start">400283 ms</span>
              </div> <!-- configuration-method after -->
              <div class="configuration-method before">
                <span class="method-name">setUp</span>
                <span class="method-start">401014 ms</span>
              </div> <!-- configuration-method before -->
              <div class="test-method">
                <span class="method-name">verifyInstitutionsPageHeaderTest</span>
                <span class="method-start">443858 ms</span>
              </div> <!-- test-method -->
              <div class="configuration-method after">
                <span class="method-name">tearDown</span>
                <span class="method-start">443902 ms</span>
              </div> <!-- configuration-method after -->
              <div class="configuration-method before">
                <span class="method-name">setUp</span>
                <span class="method-start">444623 ms</span>
              </div> <!-- configuration-method before -->
              <div class="test-method">
                <span class="method-name">verifyInstitutionsPageTitleTest</span>
                <span class="method-start">489234 ms</span>
              </div> <!-- test-method -->
              <div class="configuration-method after">
                <span class="method-name">tearDown</span>
                <span class="method-start">489253 ms</span>
              </div> <!-- configuration-method after -->
              <div class="configuration-method before">
                <span class="method-name">setUp</span>
                <span class="method-start">489974 ms</span>
              </div> <!-- configuration-method before -->
              <div class="test-method">
                <span class="method-name">verifyMandatoryNameField</span>
                <span class="method-start">532289 ms</span>
              </div> <!-- test-method -->
              <div class="configuration-method after">
                <span class="method-name">tearDown</span>
                <span class="method-start">532861 ms</span>
              </div> <!-- configuration-method after -->
              <div class="configuration-method before">
                <span class="method-name">setUp</span>
                <span class="method-start">533725 ms</span>
              </div> <!-- configuration-method before -->
              <div class="test-method">
                <span class="method-name">verifyPagination</span>
                <span class="method-start">577766 ms</span>
              </div> <!-- test-method -->
              <div class="configuration-method after">
                <span class="method-name">tearDown</span>
                <span class="method-start">578496 ms</span>
              </div> <!-- configuration-method after -->
              <div class="configuration-method before">
                <span class="method-name">setUp</span>
                <span class="method-start">579253 ms</span>
              </div> <!-- configuration-method before -->
              <div class="test-method">
                <span class="method-name">verifySaveButtonDisabled</span>
                <span class="method-start">624385 ms</span>
              </div> <!-- test-method -->
              <div class="configuration-method after">
                <span class="method-name">tearDown</span>
                <span class="method-start">628545 ms</span>
              </div> <!-- configuration-method after -->
            </div> <!-- chronological-class -->
            <div class="chronological-class">
              <div class="chronological-class-name">com.emaua.testcases.TeachersPageTest</div> <!-- chronological-class-name -->
              <div class="configuration-method before">
                <span class="method-name">setUp</span>
                <span class="method-start">629248 ms</span>
              </div> <!-- configuration-method before -->
              <div class="test-method">
                <img src="failed.png">
                </img>
                <span class="method-name">verifyAddTeacher</span>
                <span class="method-start">679873 ms</span>
              </div> <!-- test-method -->
              <div class="configuration-method after">
                <span class="method-name">tearDown</span>
                <span class="method-start">680228 ms</span>
              </div> <!-- configuration-method after -->
              <div class="configuration-method before">
                <span class="method-name">setUp</span>
                <span class="method-start">680905 ms</span>
              </div> <!-- configuration-method before -->
              <div class="test-method">
                <img src="failed.png">
                </img>
                <span class="method-name">verifyAddTeacherModalTitle</span>
                <span class="method-start">723230 ms</span>
              </div> <!-- test-method -->
              <div class="configuration-method after">
                <span class="method-name">tearDown</span>
                <span class="method-start">723571 ms</span>
              </div> <!-- configuration-method after -->
              <div class="configuration-method before">
                <span class="method-name">setUp</span>
                <span class="method-start">724246 ms</span>
              </div> <!-- configuration-method before -->
              <div class="test-method">
                <img src="failed.png">
                </img>
                <span class="method-name">verifyBreadCrumb</span>
                <span class="method-start">765275 ms</span>
              </div> <!-- test-method -->
              <div class="configuration-method after">
                <span class="method-name">tearDown</span>
                <span class="method-start">765549 ms</span>
              </div> <!-- configuration-method after -->
              <div class="configuration-method before">
                <span class="method-name">setUp</span>
                <span class="method-start">766215 ms</span>
              </div> <!-- configuration-method before -->
              <div class="test-method">
                <img src="failed.png">
                </img>
                <span class="method-name">verifyBrokenLinks</span>
                <span class="method-start">805934 ms</span>
              </div> <!-- test-method -->
              <div class="configuration-method after">
                <span class="method-name">tearDown</span>
                <span class="method-start">818437 ms</span>
              </div> <!-- configuration-method after -->
              <div class="configuration-method before">
                <span class="method-name">setUp</span>
                <span class="method-start">819133 ms</span>
              </div> <!-- configuration-method before -->
              <div class="test-method">
                <span class="method-name">verifyCancelDeleteInstitutionTest</span>
                <span class="method-start">857558 ms</span>
              </div> <!-- test-method -->
              <div class="configuration-method after">
                <span class="method-name">tearDown</span>
                <span class="method-start">857914 ms</span>
              </div> <!-- configuration-method after -->
              <div class="configuration-method before">
                <img src="failed.png">
                </img>
                <span class="method-name">setUp</span>
                <span class="method-start">858592 ms</span>
              </div> <!-- configuration-method before -->
            </div> <!-- chronological-class -->
            <div class="chronological-class">
              <div class="chronological-class-name">com.emaua.testcases.AboutPageTest</div> <!-- chronological-class-name -->
              <div class="configuration-method before">
                <span class="method-name">setUp</span>
                <span class="method-start">1163737 ms</span>
              </div> <!-- configuration-method before -->
              <div class="test-method">
                <span class="method-name">aboutPageTitleTest</span>
                <span class="method-start">1197796 ms</span>
              </div> <!-- test-method -->
              <div class="configuration-method after">
                <span class="method-name">tearDown</span>
                <span class="method-start">1197857 ms</span>
              </div> <!-- configuration-method after -->
            </div> <!-- chronological-class -->
            <div class="chronological-class">
              <div class="chronological-class-name">com.emaua.testcases.LoginPageTest</div> <!-- chronological-class-name -->
              <div class="configuration-method before">
                <span class="method-name">setUp</span>
                <span class="method-start">1198982 ms</span>
              </div> <!-- configuration-method before -->
              <div class="test-method">
                <span class="method-name">loginTest</span>
                <span class="method-start">1231707 ms</span>
              </div> <!-- test-method -->
              <div class="configuration-method after">
                <span class="method-name">tearDown</span>
                <span class="method-start">1232175 ms</span>
              </div> <!-- configuration-method after -->
            </div> <!-- chronological-class -->
            <div class="chronological-class">
              <div class="chronological-class-name">com.emaua.testcases.ContactUsPageTest</div> <!-- chronological-class-name -->
              <div class="configuration-method before">
                <span class="method-name">setUp</span>
                <span class="method-start">1234173 ms</span>
              </div> <!-- configuration-method before -->
              <div class="test-method">
                <img src="failed.png">
                </img>
                <span class="method-name">contactUsPageTitleTest</span>
                <span class="method-start">1267079 ms</span>
              </div> <!-- test-method -->
              <div class="configuration-method after">
                <span class="method-name">tearDown</span>
                <span class="method-start">1267094 ms</span>
              </div> <!-- configuration-method after -->
            </div> <!-- chronological-class -->
            <div class="chronological-class">
              <div class="chronological-class-name">com.emaua.testcases.HomePageTest</div> <!-- chronological-class-name -->
              <div class="configuration-method before">
                <span class="method-name">setUp</span>
                <span class="method-start">1267822 ms</span>
              </div> <!-- configuration-method before -->
              <div class="test-method">
                <span class="method-name">verifyInstitutionsPageLink</span>
                <span class="method-start">1300857 ms</span>
              </div> <!-- test-method -->
              <div class="configuration-method after">
                <span class="method-name">tearDown</span>
                <span class="method-start">1301361 ms</span>
              </div> <!-- configuration-method after -->
              <div class="configuration-method before">
                <span class="method-name">setUp</span>
                <span class="method-start">1302069 ms</span>
              </div> <!-- configuration-method before -->
              <div class="test-method">
                <span class="method-name">verifyLoginPageLink</span>
                <span class="method-start">1334773 ms</span>
              </div> <!-- test-method -->
              <div class="configuration-method after">
                <span class="method-name">tearDown</span>
                <span class="method-start">1335612 ms</span>
              </div> <!-- configuration-method after -->
              <div class="configuration-method before">
                <span class="method-name">setUp</span>
                <span class="method-start">1336322 ms</span>
              </div> <!-- configuration-method before -->
              <div class="test-method">
                <span class="method-name">verifyTeachersPageLink</span>
                <span class="method-start">1370447 ms</span>
              </div> <!-- test-method -->
              <div class="configuration-method after">
                <span class="method-name">tearDown</span>
                <span class="method-start">1371051 ms</span>
              </div> <!-- configuration-method after -->
            </div> <!-- chronological-class -->
            <div class="chronological-class">
              <div class="chronological-class-name">com.emaua.testcases.InstitutionsPageTest</div> <!-- chronological-class-name -->
              <div class="configuration-method before">
                <span class="method-name">setUp</span>
                <span class="method-start">1371908 ms</span>
              </div> <!-- configuration-method before -->
              <div class="test-method">
                <span class="method-name">verifyAddInstitution(name, description data provider, C:\BusinessCard.GIF, test)</span>
                <span class="method-start">1416212 ms</span>
              </div> <!-- test-method -->
              <div class="configuration-method after">
                <span class="method-name">tearDown</span>
                <span class="method-start">1421447 ms</span>
              </div> <!-- configuration-method after -->
              <div class="configuration-method before">
                <span class="method-name">setUp</span>
                <span class="method-start">1422246 ms</span>
              </div> <!-- configuration-method before -->
              <div class="test-method">
                <span class="method-name">verifyWarningMessages(, description data provider, C:\BusinessCard.GIF, Institution name is required.)</span>
                <span class="method-start">1466775 ms</span>
              </div> <!-- test-method -->
              <div class="configuration-method after">
                <span class="method-name">tearDown</span>
                <span class="method-start">1471619 ms</span>
              </div> <!-- configuration-method after -->
              <div class="configuration-method before">
                <span class="method-name">setUp</span>
                <span class="method-start">1472319 ms</span>
              </div> <!-- configuration-method before -->
              <div class="test-method">
                <img src="failed.png">
                </img>
                <span class="method-name">verifyWarningMessages(name, , C:\BusinessCard.GIF, Institution description is required.)</span>
                <span class="method-start">1519672 ms</span>
              </div> <!-- test-method -->
              <div class="configuration-method after">
                <span class="method-name">tearDown</span>
                <span class="method-start">1524498 ms</span>
              </div> <!-- configuration-method after -->
              <div class="configuration-method before">
                <span class="method-name">setUp</span>
                <span class="method-start">1525234 ms</span>
              </div> <!-- configuration-method before -->
              <div class="test-method">
                <img src="failed.png">
                </img>
                <span class="method-name">verifyWarningMessages(name, description data provider, , Institution image is required.)</span>
                <span class="method-start">1565880 ms</span>
              </div> <!-- test-method -->
              <div class="configuration-method after">
                <span class="method-name">tearDown</span>
                <span class="method-start">1571593 ms</span>
              </div> <!-- configuration-method after -->
              <div class="configuration-method before">
                <span class="method-name">setUp</span>
                <span class="method-start">1572364 ms</span>
              </div> <!-- configuration-method before -->
              <div class="test-method">
                <span class="method-name">verifyWarningMessages(k, description data provider, C:\BusinessCard.GIF, Institution name is too short.)</span>
                <span class="method-start">1617830 ms</span>
              </div> <!-- test-method -->
              <div class="configuration-method after">
                <span class="method-name">tearDown</span>
                <span class="method-start">1623198 ms</span>
              </div> <!-- configuration-method after -->
              <div class="configuration-method before">
                <span class="method-name">setUp</span>
                <span class="method-start">1623963 ms</span>
              </div> <!-- configuration-method before -->
              <div class="test-method">
                <span class="method-name">verifyWarningMessages(aaaaaaaaaaaaaaaaaaaaaaaaaaaaaaaaaaaaaaaaaaaaaaaaaaaaaaaaaaaaaaaaaaaaaaaaaaaaaaaaaaaaaaaaaaaaaaaaaaaa...)</span>
                <span class="method-start">1670781 ms</span>
              </div> <!-- test-method -->
              <div class="configuration-method after">
                <span class="method-name">tearDown</span>
                <span class="method-start">1678381 ms</span>
              </div> <!-- configuration-method after -->
              <div class="configuration-method before">
                <img src="failed.png">
                </img>
                <span class="method-name">setUp</span>
                <span class="method-start">1679186 ms</span>
              </div> <!-- configuration-method before -->
            </div> <!-- chronological-class -->
            <div class="chronological-class">
              <div class="chronological-class-name">com.emaua.testcases.AboutPageTest</div> <!-- chronological-class-name -->
              <div class="configuration-method before">
                <span class="method-name">setUp</span>
                <span class="method-start">1984035 ms</span>
              </div> <!-- configuration-method before -->
              <div class="test-method">
                <span class="method-name">emauaLogoTest</span>
                <span class="method-start">2005827 ms</span>
              </div> <!-- test-method -->
              <div class="configuration-method after">
                <span class="method-name">tearDown</span>
                <span class="method-start">2006068 ms</span>
              </div> <!-- configuration-method after -->
            </div> <!-- chronological-class -->
            <div class="chronological-class">
              <div class="chronological-class-name">com.emaua.testcases.ContactUsPageTest</div> <!-- chronological-class-name -->
              <div class="configuration-method before">
                <span class="method-name">setUp</span>
                <span class="method-start">2006775 ms</span>
              </div> <!-- configuration-method before -->
              <div class="test-method">
                <span class="method-name">emauaLogoTest</span>
                <span class="method-start">2024257 ms</span>
              </div> <!-- test-method -->
              <div class="configuration-method after">
                <span class="method-name">tearDown</span>
                <span class="method-start">2024350 ms</span>
              </div> <!-- configuration-method after -->
            </div> <!-- chronological-class -->
            <div class="chronological-class">
              <div class="chronological-class-name">com.emaua.testcases.AboutPageTest</div> <!-- chronological-class-name -->
              <div class="configuration-method before">
                <span class="method-name">setUp</span>
                <span class="method-start">2025017 ms</span>
              </div> <!-- configuration-method before -->
              <div class="test-method">
                <span class="method-name">verifyAboutUsPageHeaderTest</span>
                <span class="method-start">2044759 ms</span>
              </div> <!-- test-method -->
              <div class="configuration-method after">
                <span class="method-name">tearDown</span>
                <span class="method-start">2044806 ms</span>
              </div> <!-- configuration-method after -->
            </div> <!-- chronological-class -->
            <div class="chronological-class">
              <div class="chronological-class-name">com.emaua.testcases.ContactUsPageTest</div> <!-- chronological-class-name -->
              <div class="configuration-method before">
                <span class="method-name">setUp</span>
                <span class="method-start">2045537 ms</span>
              </div> <!-- configuration-method before -->
              <div class="test-method">
                <img src="failed.png">
                </img>
                <span class="method-name">verifyContactUsPageHeaderTest</span>
                <span class="method-start">2062880 ms</span>
              </div> <!-- test-method -->
              <div class="configuration-method after">
                <span class="method-name">tearDown</span>
                <span class="method-start">2064171 ms</span>
              </div> <!-- configuration-method after -->
            </div> <!-- chronological-class -->
            <div class="chronological-class">
              <div class="chronological-class-name">com.emaua.testcases.CoursesPageTest</div> <!-- chronological-class-name -->
              <div class="configuration-method before">
                <span class="method-name">setUp</span>
                <span class="method-start">2064872 ms</span>
              </div> <!-- configuration-method before -->
              <div class="test-method">
                <img src="failed.png">
                </img>
                <span class="method-name">verifyAboutUsPageHeaderTest</span>
                <span class="method-start">2083441 ms</span>
              </div> <!-- test-method -->
              <div class="configuration-method after">
                <span class="method-name">tearDown</span>
                <span class="method-start">2084283 ms</span>
              </div> <!-- configuration-method after -->
            </div> <!-- chronological-class -->
            <div class="chronological-class">
              <div class="chronological-class-name">com.emaua.testcases.AboutPageTest</div> <!-- chronological-class-name -->
              <div class="configuration-method before">
                <span class="method-name">setUp</span>
                <span class="method-start">2084956 ms</span>
              </div> <!-- configuration-method before -->
              <div class="test-method">
                <img src="failed.png">
                </img>
                <span class="method-name">verifyBrokenLinks</span>
                <span class="method-start">2099696 ms</span>
              </div> <!-- test-method -->
              <div class="configuration-method after">
                <span class="method-name">tearDown</span>
                <span class="method-start">2105890 ms</span>
              </div> <!-- configuration-method after -->
            </div> <!-- chronological-class -->
            <div class="chronological-class">
              <div class="chronological-class-name">com.emaua.testcases.ContactUsPageTest</div> <!-- chronological-class-name -->
              <div class="configuration-method before">
                <span class="method-name">setUp</span>
                <span class="method-start">2106585 ms</span>
              </div> <!-- configuration-method before -->
              <div class="test-method">
                <span class="method-name">verifyBrokenLinks</span>
                <span class="method-start">2124446 ms</span>
              </div> <!-- test-method -->
              <div class="configuration-method after">
                <span class="method-name">tearDown</span>
                <span class="method-start">2175763 ms</span>
              </div> <!-- configuration-method after -->
            </div> <!-- chronological-class -->
            <div class="chronological-class">
              <div class="chronological-class-name">com.emaua.testcases.CoursesPageTest</div> <!-- chronological-class-name -->
              <div class="configuration-method before">
                <span class="method-name">setUp</span>
                <span class="method-start">2176480 ms</span>
              </div> <!-- configuration-method before -->
              <div class="test-method">
                <span class="method-name">verifyBrokenLinks</span>
                <span class="method-start">2194325 ms</span>
              </div> <!-- test-method -->
              <div class="configuration-method after">
                <span class="method-name">tearDown</span>
                <span class="method-start">2247188 ms</span>
              </div> <!-- configuration-method after -->
            </div> <!-- chronological-class -->
            <div class="chronological-class">
              <div class="chronological-class-name">com.emaua.testcases.AboutPageTest</div> <!-- chronological-class-name -->
              <div class="configuration-method before">
                <span class="method-name">setUp</span>
                <span class="method-start">2247878 ms</span>
              </div> <!-- configuration-method before -->
              <div class="test-method">
                <span class="method-name">verifyBreadCrumb</span>
                <span class="method-start">2262691 ms</span>
              </div> <!-- test-method -->
              <div class="configuration-method after">
                <span class="method-name">tearDown</span>
                <span class="method-start">2263007 ms</span>
              </div> <!-- configuration-method after -->
            </div> <!-- chronological-class -->
            <div class="chronological-class">
              <div class="chronological-class-name">com.emaua.testcases.ContactUsPageTest</div> <!-- chronological-class-name -->
              <div class="configuration-method before">
                <span class="method-name">setUp</span>
                <span class="method-start">2263675 ms</span>
              </div> <!-- configuration-method before -->
              <div class="test-method">
                <img src="failed.png">
                </img>
                <span class="method-name">verifyBreadCrumb</span>
                <span class="method-start">2283525 ms</span>
              </div> <!-- test-method -->
              <div class="configuration-method after">
                <span class="method-name">tearDown</span>
                <span class="method-start">2283676 ms</span>
              </div> <!-- configuration-method after -->
            </div> <!-- chronological-class -->
            <div class="chronological-class">
              <div class="chronological-class-name">com.emaua.testcases.CoursesPageTest</div> <!-- chronological-class-name -->
              <div class="configuration-method before">
                <span class="method-name">setUp</span>
                <span class="method-start">2284328 ms</span>
              </div> <!-- configuration-method before -->
              <div class="test-method">
                <img src="failed.png">
                </img>
                <span class="method-name">verifyBreadCrumb</span>
                <span class="method-start">2298261 ms</span>
              </div> <!-- test-method -->
              <div class="configuration-method after">
                <span class="method-name">tearDown</span>
                <span class="method-start">2298352 ms</span>
              </div> <!-- configuration-method after -->
          </div> <!-- main-panel-content rounded-window-bottom -->
        </div> <!-- panel -->
      </div> <!-- main-panel-root -->
    </div> <!-- wrapper -->
  </body>
</html>
